<?xml version="1.0" encoding="UTF-8"?>
<data>
	<node>
		<id><![CDATA[19]]></id>
		<title><![CDATA[iPhone 6s PLUS 128GB золотой]]></title>
		<content><![CDATA[Полное описание: полное описание

Маркетинг: Marketing Information

Техническое описание: Technical Information

<span style="line-height: 1.5;">ID - </span>500]]></content>
		<excerpt><![CDATA[iPhone 6s PLUS 128GB золотой]]></excerpt>
		<date><![CDATA[20151102]]></date>
		<posttype><![CDATA[product]]></posttype>
		<media_images><![CDATA[]]></media_images>
		<media_titles><![CDATA[]]></media_titles>
		<media_captions><![CDATA[]]></media_captions>
		<media_descriptions><![CDATA[]]></media_descriptions>
		<media_alts><![CDATA[]]></media_alts>
		<attachments_attachments><![CDATA[]]></attachments_attachments>
		<sku><![CDATA[500]]></sku>
		<price><![CDATA[1]]></price>
		<regularprice><![CDATA[1]]></regularprice>
		<saleprice><![CDATA[1]]></saleprice>
		<stockstatus><![CDATA[instock]]></stockstatus>
		<stock><![CDATA[]]></stock>
		<visibility><![CDATA[visible]]></visibility>
		<producturl><![CDATA[]]></producturl>
		<totalsales><![CDATA[0]]></totalsales>
		<shippingclass><![CDATA[]]></shippingclass>
		<producttype><![CDATA[simple]]></producttype>
		<parent_sku><![CDATA[0]]></parent_sku>
		<productcategories><![CDATA[iPhone>iPhone 6S PLUS]]></productcategories>
		<producttags><![CDATA[]]></producttags>
		<status><![CDATA[publish]]></status>
		<author><![CDATA[1]]></author>
		<slug><![CDATA[iphone-6s-plus-128gb-%d0%b7%d0%be%d0%bb%d0%be%d1%82%d0%be%d0%b9]]></slug>
		<format><![CDATA[]]></format>
		<template><![CDATA[]]></template>
		<parent><![CDATA[0]]></parent>
		<order><![CDATA[0]]></order>
		<permalink><![CDATA[http://plg2.bragin.ru/product/iphone-6s-plus-128gb-%d0%b7%d0%be%d0%bb%d0%be%d1%82%d0%be%d0%b9/]]></permalink>
		<commentstatus><![CDATA[closed]]></commentstatus>
		<pingstatus><![CDATA[open]]></pingstatus>
		<downloadable><![CDATA[no]]></downloadable>
		<virtual><![CDATA[no]]></virtual>
		<purchasenote><![CDATA[]]></purchasenote>
		<featured><![CDATA[no]]></featured>
		<weight><![CDATA[]]></weight>
		<length><![CDATA[]]></length>
		<width><![CDATA[]]></width>
		<height><![CDATA[]]></height>
		<salepricedatesfrom><![CDATA[]]></salepricedatesfrom>
		<salepricedatesto><![CDATA[]]></salepricedatesto>
		<soldindividually><![CDATA[]]></soldindividually>
		<managestock><![CDATA[no]]></managestock>
		<upsellids><![CDATA[]]></upsellids>
		<crosssellids><![CDATA[]]></crosssellids>
		<downloadablefilespaths><![CDATA[]]></downloadablefilespaths>
		<downloadablefilesnames><![CDATA[]]></downloadablefilesnames>
		<downloadlimit><![CDATA[]]></downloadlimit>
		<downloadexpiry><![CDATA[]]></downloadexpiry>
		<downloadtype><![CDATA[]]></downloadtype>
		<buttontext><![CDATA[]]></buttontext>
		<backorders><![CDATA[no]]></backorders>
		<taxstatus><![CDATA[none]]></taxstatus>
		<taxclass><![CDATA[]]></taxclass>
		<productimagegallery><![CDATA[]]></productimagegallery>
		<defaultattributes><![CDATA[]]></defaultattributes>
		<productattributes><![CDATA[a:0:{}]]></productattributes>
		<productversion><![CDATA[]]></productversion>
	</node>
	<node>
		<id><![CDATA[20]]></id>
		<title><![CDATA[iPhone 6s PLUS 128GB золотой]]></title>
		<content><![CDATA[Полное описание: 

Маркетинг: 

Техническое описание: 

<span style="line-height: 1.5;">ID - </span>501]]></content>
		<excerpt><![CDATA[iPhone 6s PLUS 128GB золотой]]></excerpt>
		<date><![CDATA[20151102]]></date>
		<posttype><![CDATA[product]]></posttype>
		<media_images><![CDATA[]]></media_images>
		<media_titles><![CDATA[]]></media_titles>
		<media_captions><![CDATA[]]></media_captions>
		<media_descriptions><![CDATA[]]></media_descriptions>
		<media_alts><![CDATA[]]></media_alts>
		<attachments_attachments><![CDATA[]]></attachments_attachments>
		<sku><![CDATA[501]]></sku>
		<price><![CDATA[1]]></price>
		<regularprice><![CDATA[1]]></regularprice>
		<saleprice><![CDATA[1]]></saleprice>
		<stockstatus><![CDATA[instock]]></stockstatus>
		<stock><![CDATA[]]></stock>
		<visibility><![CDATA[visible]]></visibility>
		<producturl><![CDATA[]]></producturl>
		<totalsales><![CDATA[0]]></totalsales>
		<shippingclass><![CDATA[]]></shippingclass>
		<producttype><![CDATA[simple]]></producttype>
		<parent_sku><![CDATA[0]]></parent_sku>
		<productcategories><![CDATA[iPhone>iPhone 6S PLUS]]></productcategories>
		<producttags><![CDATA[]]></producttags>
		<status><![CDATA[publish]]></status>
		<author><![CDATA[1]]></author>
		<slug><![CDATA[iphone-6s-plus-128gb-%d0%b7%d0%be%d0%bb%d0%be%d1%82%d0%be%d0%b9-2]]></slug>
		<format><![CDATA[]]></format>
		<template><![CDATA[]]></template>
		<parent><![CDATA[0]]></parent>
		<order><![CDATA[0]]></order>
		<permalink><![CDATA[http://plg2.bragin.ru/product/iphone-6s-plus-128gb-%d0%b7%d0%be%d0%bb%d0%be%d1%82%d0%be%d0%b9-2/]]></permalink>
		<commentstatus><![CDATA[closed]]></commentstatus>
		<pingstatus><![CDATA[open]]></pingstatus>
		<downloadable><![CDATA[no]]></downloadable>
		<virtual><![CDATA[no]]></virtual>
		<purchasenote><![CDATA[]]></purchasenote>
		<featured><![CDATA[no]]></featured>
		<weight><![CDATA[]]></weight>
		<length><![CDATA[]]></length>
		<width><![CDATA[]]></width>
		<height><![CDATA[]]></height>
		<salepricedatesfrom><![CDATA[]]></salepricedatesfrom>
		<salepricedatesto><![CDATA[]]></salepricedatesto>
		<soldindividually><![CDATA[]]></soldindividually>
		<managestock><![CDATA[no]]></managestock>
		<upsellids><![CDATA[]]></upsellids>
		<crosssellids><![CDATA[]]></crosssellids>
		<downloadablefilespaths><![CDATA[]]></downloadablefilespaths>
		<downloadablefilesnames><![CDATA[]]></downloadablefilesnames>
		<downloadlimit><![CDATA[]]></downloadlimit>
		<downloadexpiry><![CDATA[]]></downloadexpiry>
		<downloadtype><![CDATA[]]></downloadtype>
		<buttontext><![CDATA[]]></buttontext>
		<backorders><![CDATA[no]]></backorders>
		<taxstatus><![CDATA[none]]></taxstatus>
		<taxclass><![CDATA[]]></taxclass>
		<productimagegallery><![CDATA[]]></productimagegallery>
		<defaultattributes><![CDATA[]]></defaultattributes>
		<productattributes><![CDATA[a:0:{}]]></productattributes>
		<productversion><![CDATA[]]></productversion>
	</node>
	<node>
		<id><![CDATA[21]]></id>
		<title><![CDATA[iPhone 6s PLUS 128GB золотой]]></title>
		<content><![CDATA[Полное описание: 

Маркетинг: 

Техническое описание: 

<span style="line-height: 1.5;">ID - </span>502]]></content>
		<excerpt><![CDATA[iPhone 6s PLUS 128GB золотой]]></excerpt>
		<date><![CDATA[20151102]]></date>
		<posttype><![CDATA[product]]></posttype>
		<media_images><![CDATA[]]></media_images>
		<media_titles><![CDATA[]]></media_titles>
		<media_captions><![CDATA[]]></media_captions>
		<media_descriptions><![CDATA[]]></media_descriptions>
		<media_alts><![CDATA[]]></media_alts>
		<attachments_attachments><![CDATA[]]></attachments_attachments>
		<sku><![CDATA[502]]></sku>
		<price><![CDATA[1]]></price>
		<regularprice><![CDATA[1]]></regularprice>
		<saleprice><![CDATA[1]]></saleprice>
		<stockstatus><![CDATA[instock]]></stockstatus>
		<stock><![CDATA[]]></stock>
		<visibility><![CDATA[visible]]></visibility>
		<producturl><![CDATA[]]></producturl>
		<totalsales><![CDATA[0]]></totalsales>
		<shippingclass><![CDATA[]]></shippingclass>
		<producttype><![CDATA[simple]]></producttype>
		<parent_sku><![CDATA[0]]></parent_sku>
		<productcategories><![CDATA[iPhone>iPhone 6S PLUS]]></productcategories>
		<producttags><![CDATA[]]></producttags>
		<status><![CDATA[publish]]></status>
		<author><![CDATA[1]]></author>
		<slug><![CDATA[iphone-6s-plus-128gb-%d0%b7%d0%be%d0%bb%d0%be%d1%82%d0%be%d0%b9-3]]></slug>
		<format><![CDATA[]]></format>
		<template><![CDATA[]]></template>
		<parent><![CDATA[0]]></parent>
		<order><![CDATA[0]]></order>
		<permalink><![CDATA[http://plg2.bragin.ru/product/iphone-6s-plus-128gb-%d0%b7%d0%be%d0%bb%d0%be%d1%82%d0%be%d0%b9-3/]]></permalink>
		<commentstatus><![CDATA[closed]]></commentstatus>
		<pingstatus><![CDATA[open]]></pingstatus>
		<downloadable><![CDATA[no]]></downloadable>
		<virtual><![CDATA[no]]></virtual>
		<purchasenote><![CDATA[]]></purchasenote>
		<featured><![CDATA[no]]></featured>
		<weight><![CDATA[]]></weight>
		<length><![CDATA[]]></length>
		<width><![CDATA[]]></width>
		<height><![CDATA[]]></height>
		<salepricedatesfrom><![CDATA[]]></salepricedatesfrom>
		<salepricedatesto><![CDATA[]]></salepricedatesto>
		<soldindividually><![CDATA[]]></soldindividually>
		<managestock><![CDATA[no]]></managestock>
		<upsellids><![CDATA[]]></upsellids>
		<crosssellids><![CDATA[]]></crosssellids>
		<downloadablefilespaths><![CDATA[]]></downloadablefilespaths>
		<downloadablefilesnames><![CDATA[]]></downloadablefilesnames>
		<downloadlimit><![CDATA[]]></downloadlimit>
		<downloadexpiry><![CDATA[]]></downloadexpiry>
		<downloadtype><![CDATA[]]></downloadtype>
		<buttontext><![CDATA[]]></buttontext>
		<backorders><![CDATA[no]]></backorders>
		<taxstatus><![CDATA[none]]></taxstatus>
		<taxclass><![CDATA[]]></taxclass>
		<productimagegallery><![CDATA[]]></productimagegallery>
		<defaultattributes><![CDATA[]]></defaultattributes>
		<productattributes><![CDATA[a:0:{}]]></productattributes>
		<productversion><![CDATA[]]></productversion>
	</node>
	<node>
		<id><![CDATA[22]]></id>
		<title><![CDATA[iPhone 6s 128gb серый]]></title>
		<content><![CDATA[Полное описание: 

Маркетинг: 

Техническое описание: 

<span style="line-height: 1.5;">ID - </span>503]]></content>
		<excerpt><![CDATA[iPhone 6s 128gb серый]]></excerpt>
		<date><![CDATA[20151102]]></date>
		<posttype><![CDATA[product]]></posttype>
		<media_images><![CDATA[]]></media_images>
		<media_titles><![CDATA[]]></media_titles>
		<media_captions><![CDATA[]]></media_captions>
		<media_descriptions><![CDATA[]]></media_descriptions>
		<media_alts><![CDATA[]]></media_alts>
		<attachments_attachments><![CDATA[]]></attachments_attachments>
		<sku><![CDATA[503]]></sku>
		<price><![CDATA[1]]></price>
		<regularprice><![CDATA[1]]></regularprice>
		<saleprice><![CDATA[1]]></saleprice>
		<stockstatus><![CDATA[instock]]></stockstatus>
		<stock><![CDATA[]]></stock>
		<visibility><![CDATA[visible]]></visibility>
		<producturl><![CDATA[]]></producturl>
		<totalsales><![CDATA[0]]></totalsales>
		<shippingclass><![CDATA[]]></shippingclass>
		<producttype><![CDATA[simple]]></producttype>
		<parent_sku><![CDATA[0]]></parent_sku>
		<productcategories><![CDATA[iPhone>iPhone 6S]]></productcategories>
		<producttags><![CDATA[]]></producttags>
		<status><![CDATA[publish]]></status>
		<author><![CDATA[1]]></author>
		<slug><![CDATA[iphone-6s-128gb-%d1%81%d0%b5%d1%80%d1%8b%d0%b9]]></slug>
		<format><![CDATA[]]></format>
		<template><![CDATA[]]></template>
		<parent><![CDATA[0]]></parent>
		<order><![CDATA[0]]></order>
		<permalink><![CDATA[http://plg2.bragin.ru/product/iphone-6s-128gb-%d1%81%d0%b5%d1%80%d1%8b%d0%b9/]]></permalink>
		<commentstatus><![CDATA[closed]]></commentstatus>
		<pingstatus><![CDATA[open]]></pingstatus>
		<downloadable><![CDATA[no]]></downloadable>
		<virtual><![CDATA[no]]></virtual>
		<purchasenote><![CDATA[]]></purchasenote>
		<featured><![CDATA[no]]></featured>
		<weight><![CDATA[]]></weight>
		<length><![CDATA[]]></length>
		<width><![CDATA[]]></width>
		<height><![CDATA[]]></height>
		<salepricedatesfrom><![CDATA[]]></salepricedatesfrom>
		<salepricedatesto><![CDATA[]]></salepricedatesto>
		<soldindividually><![CDATA[]]></soldindividually>
		<managestock><![CDATA[no]]></managestock>
		<upsellids><![CDATA[]]></upsellids>
		<crosssellids><![CDATA[]]></crosssellids>
		<downloadablefilespaths><![CDATA[]]></downloadablefilespaths>
		<downloadablefilesnames><![CDATA[]]></downloadablefilesnames>
		<downloadlimit><![CDATA[]]></downloadlimit>
		<downloadexpiry><![CDATA[]]></downloadexpiry>
		<downloadtype><![CDATA[]]></downloadtype>
		<buttontext><![CDATA[]]></buttontext>
		<backorders><![CDATA[no]]></backorders>
		<taxstatus><![CDATA[none]]></taxstatus>
		<taxclass><![CDATA[]]></taxclass>
		<productimagegallery><![CDATA[]]></productimagegallery>
		<defaultattributes><![CDATA[]]></defaultattributes>
		<productattributes><![CDATA[a:0:{}]]></productattributes>
		<productversion><![CDATA[]]></productversion>
	</node>
	<node>
		<id><![CDATA[23]]></id>
		<title><![CDATA[iPhone 6s 64gb серый]]></title>
		<content><![CDATA[Полное описание: 

Маркетинг: 

Техническое описание: 

<span style="line-height: 1.5;">ID - </span>504]]></content>
		<excerpt><![CDATA[iPhone 6s 64gb серый]]></excerpt>
		<date><![CDATA[20151102]]></date>
		<posttype><![CDATA[product]]></posttype>
		<media_images><![CDATA[]]></media_images>
		<media_titles><![CDATA[]]></media_titles>
		<media_captions><![CDATA[]]></media_captions>
		<media_descriptions><![CDATA[]]></media_descriptions>
		<media_alts><![CDATA[]]></media_alts>
		<attachments_attachments><![CDATA[]]></attachments_attachments>
		<sku><![CDATA[504]]></sku>
		<price><![CDATA[1]]></price>
		<regularprice><![CDATA[1]]></regularprice>
		<saleprice><![CDATA[1]]></saleprice>
		<stockstatus><![CDATA[instock]]></stockstatus>
		<stock><![CDATA[]]></stock>
		<visibility><![CDATA[visible]]></visibility>
		<producturl><![CDATA[]]></producturl>
		<totalsales><![CDATA[0]]></totalsales>
		<shippingclass><![CDATA[]]></shippingclass>
		<producttype><![CDATA[simple]]></producttype>
		<parent_sku><![CDATA[0]]></parent_sku>
		<productcategories><![CDATA[iPhone>iPhone 6S]]></productcategories>
		<producttags><![CDATA[]]></producttags>
		<status><![CDATA[publish]]></status>
		<author><![CDATA[1]]></author>
		<slug><![CDATA[iphone-6s-64gb-%d1%81%d0%b5%d1%80%d1%8b%d0%b9]]></slug>
		<format><![CDATA[]]></format>
		<template><![CDATA[]]></template>
		<parent><![CDATA[0]]></parent>
		<order><![CDATA[0]]></order>
		<permalink><![CDATA[http://plg2.bragin.ru/product/iphone-6s-64gb-%d1%81%d0%b5%d1%80%d1%8b%d0%b9/]]></permalink>
		<commentstatus><![CDATA[closed]]></commentstatus>
		<pingstatus><![CDATA[open]]></pingstatus>
		<downloadable><![CDATA[no]]></downloadable>
		<virtual><![CDATA[no]]></virtual>
		<purchasenote><![CDATA[]]></purchasenote>
		<featured><![CDATA[no]]></featured>
		<weight><![CDATA[]]></weight>
		<length><![CDATA[]]></length>
		<width><![CDATA[]]></width>
		<height><![CDATA[]]></height>
		<salepricedatesfrom><![CDATA[]]></salepricedatesfrom>
		<salepricedatesto><![CDATA[]]></salepricedatesto>
		<soldindividually><![CDATA[]]></soldindividually>
		<managestock><![CDATA[no]]></managestock>
		<upsellids><![CDATA[]]></upsellids>
		<crosssellids><![CDATA[]]></crosssellids>
		<downloadablefilespaths><![CDATA[]]></downloadablefilespaths>
		<downloadablefilesnames><![CDATA[]]></downloadablefilesnames>
		<downloadlimit><![CDATA[]]></downloadlimit>
		<downloadexpiry><![CDATA[]]></downloadexpiry>
		<downloadtype><![CDATA[]]></downloadtype>
		<buttontext><![CDATA[]]></buttontext>
		<backorders><![CDATA[no]]></backorders>
		<taxstatus><![CDATA[none]]></taxstatus>
		<taxclass><![CDATA[]]></taxclass>
		<productimagegallery><![CDATA[]]></productimagegallery>
		<defaultattributes><![CDATA[]]></defaultattributes>
		<productattributes><![CDATA[a:0:{}]]></productattributes>
		<productversion><![CDATA[]]></productversion>
	</node>
	<node>
		<id><![CDATA[24]]></id>
		<title><![CDATA[iPhone 6s 32gb серый]]></title>
		<content><![CDATA[Полное описание: 

Маркетинг: 

Техническое описание: 

<span style="line-height: 1.5;">ID - </span>505]]></content>
		<excerpt><![CDATA[iPhone 6s 32gb серый]]></excerpt>
		<date><![CDATA[20151102]]></date>
		<posttype><![CDATA[product]]></posttype>
		<media_images><![CDATA[]]></media_images>
		<media_titles><![CDATA[]]></media_titles>
		<media_captions><![CDATA[]]></media_captions>
		<media_descriptions><![CDATA[]]></media_descriptions>
		<media_alts><![CDATA[]]></media_alts>
		<attachments_attachments><![CDATA[]]></attachments_attachments>
		<sku><![CDATA[505]]></sku>
		<price><![CDATA[1]]></price>
		<regularprice><![CDATA[1]]></regularprice>
		<saleprice><![CDATA[1]]></saleprice>
		<stockstatus><![CDATA[instock]]></stockstatus>
		<stock><![CDATA[]]></stock>
		<visibility><![CDATA[visible]]></visibility>
		<producturl><![CDATA[]]></producturl>
		<totalsales><![CDATA[0]]></totalsales>
		<shippingclass><![CDATA[]]></shippingclass>
		<producttype><![CDATA[simple]]></producttype>
		<parent_sku><![CDATA[0]]></parent_sku>
		<productcategories><![CDATA[iPhone>iPhone 6S]]></productcategories>
		<producttags><![CDATA[]]></producttags>
		<status><![CDATA[publish]]></status>
		<author><![CDATA[1]]></author>
		<slug><![CDATA[iphone-6s-32gb-%d1%81%d0%b5%d1%80%d1%8b%d0%b9]]></slug>
		<format><![CDATA[]]></format>
		<template><![CDATA[]]></template>
		<parent><![CDATA[0]]></parent>
		<order><![CDATA[0]]></order>
		<permalink><![CDATA[http://plg2.bragin.ru/product/iphone-6s-32gb-%d1%81%d0%b5%d1%80%d1%8b%d0%b9/]]></permalink>
		<commentstatus><![CDATA[closed]]></commentstatus>
		<pingstatus><![CDATA[open]]></pingstatus>
		<downloadable><![CDATA[no]]></downloadable>
		<virtual><![CDATA[no]]></virtual>
		<purchasenote><![CDATA[]]></purchasenote>
		<featured><![CDATA[no]]></featured>
		<weight><![CDATA[]]></weight>
		<length><![CDATA[]]></length>
		<width><![CDATA[]]></width>
		<height><![CDATA[]]></height>
		<salepricedatesfrom><![CDATA[]]></salepricedatesfrom>
		<salepricedatesto><![CDATA[]]></salepricedatesto>
		<soldindividually><![CDATA[]]></soldindividually>
		<managestock><![CDATA[no]]></managestock>
		<upsellids><![CDATA[]]></upsellids>
		<crosssellids><![CDATA[]]></crosssellids>
		<downloadablefilespaths><![CDATA[]]></downloadablefilespaths>
		<downloadablefilesnames><![CDATA[]]></downloadablefilesnames>
		<downloadlimit><![CDATA[]]></downloadlimit>
		<downloadexpiry><![CDATA[]]></downloadexpiry>
		<downloadtype><![CDATA[]]></downloadtype>
		<buttontext><![CDATA[]]></buttontext>
		<backorders><![CDATA[no]]></backorders>
		<taxstatus><![CDATA[none]]></taxstatus>
		<taxclass><![CDATA[]]></taxclass>
		<productimagegallery><![CDATA[]]></productimagegallery>
		<defaultattributes><![CDATA[]]></defaultattributes>
		<productattributes><![CDATA[a:0:{}]]></productattributes>
		<productversion><![CDATA[]]></productversion>
	</node>
	<node>
		<id><![CDATA[25]]></id>
		<title><![CDATA[iPhone 6 64gb белый]]></title>
		<content><![CDATA[Полное описание: 

Маркетинг: 

Техническое описание: 

<span style="line-height: 1.5;">ID - </span>506]]></content>
		<excerpt><![CDATA[iPhone 6 64gb белый]]></excerpt>
		<date><![CDATA[20151102]]></date>
		<posttype><![CDATA[product]]></posttype>
		<media_images><![CDATA[]]></media_images>
		<media_titles><![CDATA[]]></media_titles>
		<media_captions><![CDATA[]]></media_captions>
		<media_descriptions><![CDATA[]]></media_descriptions>
		<media_alts><![CDATA[]]></media_alts>
		<attachments_attachments><![CDATA[]]></attachments_attachments>
		<sku><![CDATA[506]]></sku>
		<price><![CDATA[1]]></price>
		<regularprice><![CDATA[1]]></regularprice>
		<saleprice><![CDATA[1]]></saleprice>
		<stockstatus><![CDATA[instock]]></stockstatus>
		<stock><![CDATA[]]></stock>
		<visibility><![CDATA[visible]]></visibility>
		<producturl><![CDATA[]]></producturl>
		<totalsales><![CDATA[0]]></totalsales>
		<shippingclass><![CDATA[]]></shippingclass>
		<producttype><![CDATA[simple]]></producttype>
		<parent_sku><![CDATA[0]]></parent_sku>
		<productcategories><![CDATA[iPhone>iPhone 6]]></productcategories>
		<producttags><![CDATA[]]></producttags>
		<status><![CDATA[publish]]></status>
		<author><![CDATA[1]]></author>
		<slug><![CDATA[iphone-6-64gb-%d0%b1%d0%b5%d0%bb%d1%8b%d0%b9]]></slug>
		<format><![CDATA[]]></format>
		<template><![CDATA[]]></template>
		<parent><![CDATA[0]]></parent>
		<order><![CDATA[0]]></order>
		<permalink><![CDATA[http://plg2.bragin.ru/product/iphone-6-64gb-%d0%b1%d0%b5%d0%bb%d1%8b%d0%b9/]]></permalink>
		<commentstatus><![CDATA[closed]]></commentstatus>
		<pingstatus><![CDATA[open]]></pingstatus>
		<downloadable><![CDATA[no]]></downloadable>
		<virtual><![CDATA[no]]></virtual>
		<purchasenote><![CDATA[]]></purchasenote>
		<featured><![CDATA[no]]></featured>
		<weight><![CDATA[]]></weight>
		<length><![CDATA[]]></length>
		<width><![CDATA[]]></width>
		<height><![CDATA[]]></height>
		<salepricedatesfrom><![CDATA[]]></salepricedatesfrom>
		<salepricedatesto><![CDATA[]]></salepricedatesto>
		<soldindividually><![CDATA[]]></soldindividually>
		<managestock><![CDATA[no]]></managestock>
		<upsellids><![CDATA[]]></upsellids>
		<crosssellids><![CDATA[]]></crosssellids>
		<downloadablefilespaths><![CDATA[]]></downloadablefilespaths>
		<downloadablefilesnames><![CDATA[]]></downloadablefilesnames>
		<downloadlimit><![CDATA[]]></downloadlimit>
		<downloadexpiry><![CDATA[]]></downloadexpiry>
		<downloadtype><![CDATA[]]></downloadtype>
		<buttontext><![CDATA[]]></buttontext>
		<backorders><![CDATA[no]]></backorders>
		<taxstatus><![CDATA[none]]></taxstatus>
		<taxclass><![CDATA[]]></taxclass>
		<productimagegallery><![CDATA[]]></productimagegallery>
		<defaultattributes><![CDATA[]]></defaultattributes>
		<productattributes><![CDATA[a:0:{}]]></productattributes>
		<productversion><![CDATA[]]></productversion>
	</node>
	<node>
		<id><![CDATA[26]]></id>
		<title><![CDATA[iPhone 6 32gb белый]]></title>
		<content><![CDATA[Полное описание: 

Маркетинг: 

Техническое описание: 

<span style="line-height: 1.5;">ID - </span>507]]></content>
		<excerpt><![CDATA[iPhone 6 32gb белый]]></excerpt>
		<date><![CDATA[20151102]]></date>
		<posttype><![CDATA[product]]></posttype>
		<media_images><![CDATA[]]></media_images>
		<media_titles><![CDATA[]]></media_titles>
		<media_captions><![CDATA[]]></media_captions>
		<media_descriptions><![CDATA[]]></media_descriptions>
		<media_alts><![CDATA[]]></media_alts>
		<attachments_attachments><![CDATA[]]></attachments_attachments>
		<sku><![CDATA[507]]></sku>
		<price><![CDATA[1]]></price>
		<regularprice><![CDATA[1]]></regularprice>
		<saleprice><![CDATA[1]]></saleprice>
		<stockstatus><![CDATA[instock]]></stockstatus>
		<stock><![CDATA[]]></stock>
		<visibility><![CDATA[visible]]></visibility>
		<producturl><![CDATA[]]></producturl>
		<totalsales><![CDATA[0]]></totalsales>
		<shippingclass><![CDATA[]]></shippingclass>
		<producttype><![CDATA[simple]]></producttype>
		<parent_sku><![CDATA[0]]></parent_sku>
		<productcategories><![CDATA[iPhone>iPhone 6]]></productcategories>
		<producttags><![CDATA[]]></producttags>
		<status><![CDATA[publish]]></status>
		<author><![CDATA[1]]></author>
		<slug><![CDATA[iphone-6-32gb-%d0%b1%d0%b5%d0%bb%d1%8b%d0%b9]]></slug>
		<format><![CDATA[]]></format>
		<template><![CDATA[]]></template>
		<parent><![CDATA[0]]></parent>
		<order><![CDATA[0]]></order>
		<permalink><![CDATA[http://plg2.bragin.ru/product/iphone-6-32gb-%d0%b1%d0%b5%d0%bb%d1%8b%d0%b9/]]></permalink>
		<commentstatus><![CDATA[closed]]></commentstatus>
		<pingstatus><![CDATA[open]]></pingstatus>
		<downloadable><![CDATA[no]]></downloadable>
		<virtual><![CDATA[no]]></virtual>
		<purchasenote><![CDATA[]]></purchasenote>
		<featured><![CDATA[no]]></featured>
		<weight><![CDATA[]]></weight>
		<length><![CDATA[]]></length>
		<width><![CDATA[]]></width>
		<height><![CDATA[]]></height>
		<salepricedatesfrom><![CDATA[]]></salepricedatesfrom>
		<salepricedatesto><![CDATA[]]></salepricedatesto>
		<soldindividually><![CDATA[]]></soldindividually>
		<managestock><![CDATA[no]]></managestock>
		<upsellids><![CDATA[]]></upsellids>
		<crosssellids><![CDATA[]]></crosssellids>
		<downloadablefilespaths><![CDATA[]]></downloadablefilespaths>
		<downloadablefilesnames><![CDATA[]]></downloadablefilesnames>
		<downloadlimit><![CDATA[]]></downloadlimit>
		<downloadexpiry><![CDATA[]]></downloadexpiry>
		<downloadtype><![CDATA[]]></downloadtype>
		<buttontext><![CDATA[]]></buttontext>
		<backorders><![CDATA[no]]></backorders>
		<taxstatus><![CDATA[none]]></taxstatus>
		<taxclass><![CDATA[]]></taxclass>
		<productimagegallery><![CDATA[]]></productimagegallery>
		<defaultattributes><![CDATA[]]></defaultattributes>
		<productattributes><![CDATA[a:0:{}]]></productattributes>
		<productversion><![CDATA[]]></productversion>
	</node>
	<node>
		<id><![CDATA[27]]></id>
		<title><![CDATA[iPhone 6 16GB белый]]></title>
		<content><![CDATA[Полное описание: Многофункциональное коммуникационной устройство 4.7 дюймов цвет Серый  MG472RU/A

Маркетинг: iPhone 6 - Седьмое по счету поколение смартфон от Apple,  Новый iPhone 6 стал еще мощнее вместе с чипом Apple A8 (64 bit) и сопроцессором движения М8. Еще более совершенная камера и датчик скнирования отпечатков пальцев.

Техническое описание: смартфон, iOS 8 экран 4.7", разрешение 750x1334 камера 8 МП, автофокус память 16 Гб, без слота для карт памяти Bluetooth, NFC, Wi-Fi, 3G, LTE, GPS, ГЛОНАСС вес 129 г, ШxВxТ 67x138.10x6.90 мм

<span style="line-height: 1.5;">ID - </span>508]]></content>
		<excerpt><![CDATA[iPhone 6 16GB белый]]></excerpt>
		<date><![CDATA[20151102]]></date>
		<posttype><![CDATA[product]]></posttype>
		<media_images><![CDATA[]]></media_images>
		<media_titles><![CDATA[]]></media_titles>
		<media_captions><![CDATA[]]></media_captions>
		<media_descriptions><![CDATA[]]></media_descriptions>
		<media_alts><![CDATA[]]></media_alts>
		<attachments_attachments><![CDATA[]]></attachments_attachments>
		<sku><![CDATA[508]]></sku>
		<price><![CDATA[44990]]></price>
		<regularprice><![CDATA[44990]]></regularprice>
		<saleprice><![CDATA[44990]]></saleprice>
		<stockstatus><![CDATA[instock]]></stockstatus>
		<stock><![CDATA[]]></stock>
		<visibility><![CDATA[visible]]></visibility>
		<producturl><![CDATA[]]></producturl>
		<totalsales><![CDATA[0]]></totalsales>
		<shippingclass><![CDATA[]]></shippingclass>
		<producttype><![CDATA[simple]]></producttype>
		<parent_sku><![CDATA[0]]></parent_sku>
		<productcategories><![CDATA[iPhone>iPhone 6]]></productcategories>
		<producttags><![CDATA[]]></producttags>
		<status><![CDATA[publish]]></status>
		<author><![CDATA[1]]></author>
		<slug><![CDATA[iphone-6-16gb-%d0%b1%d0%b5%d0%bb%d1%8b%d0%b9]]></slug>
		<format><![CDATA[]]></format>
		<template><![CDATA[]]></template>
		<parent><![CDATA[0]]></parent>
		<order><![CDATA[0]]></order>
		<permalink><![CDATA[http://plg2.bragin.ru/product/iphone-6-16gb-%d0%b1%d0%b5%d0%bb%d1%8b%d0%b9/]]></permalink>
		<commentstatus><![CDATA[closed]]></commentstatus>
		<pingstatus><![CDATA[open]]></pingstatus>
		<downloadable><![CDATA[no]]></downloadable>
		<virtual><![CDATA[no]]></virtual>
		<purchasenote><![CDATA[]]></purchasenote>
		<featured><![CDATA[no]]></featured>
		<weight><![CDATA[]]></weight>
		<length><![CDATA[]]></length>
		<width><![CDATA[]]></width>
		<height><![CDATA[]]></height>
		<salepricedatesfrom><![CDATA[]]></salepricedatesfrom>
		<salepricedatesto><![CDATA[]]></salepricedatesto>
		<soldindividually><![CDATA[]]></soldindividually>
		<managestock><![CDATA[no]]></managestock>
		<upsellids><![CDATA[]]></upsellids>
		<crosssellids><![CDATA[]]></crosssellids>
		<downloadablefilespaths><![CDATA[]]></downloadablefilespaths>
		<downloadablefilesnames><![CDATA[]]></downloadablefilesnames>
		<downloadlimit><![CDATA[]]></downloadlimit>
		<downloadexpiry><![CDATA[]]></downloadexpiry>
		<downloadtype><![CDATA[]]></downloadtype>
		<buttontext><![CDATA[]]></buttontext>
		<backorders><![CDATA[no]]></backorders>
		<taxstatus><![CDATA[none]]></taxstatus>
		<taxclass><![CDATA[]]></taxclass>
		<productimagegallery><![CDATA[]]></productimagegallery>
		<defaultattributes><![CDATA[]]></defaultattributes>
		<productattributes><![CDATA[a:0:{}]]></productattributes>
		<productversion><![CDATA[]]></productversion>
	</node>
	<node>
		<id><![CDATA[28]]></id>
		<title><![CDATA[HDD 1]]></title>
		<content><![CDATA[Полное описание: full text

Маркетинг: Marketing Information

Техническое описание: Technical Information

<span style="line-height: 1.5;">ID - </span>400]]></content>
		<excerpt><![CDATA[HDD 1]]></excerpt>
		<date><![CDATA[20151102]]></date>
		<posttype><![CDATA[product]]></posttype>
		<media_images><![CDATA[]]></media_images>
		<media_titles><![CDATA[]]></media_titles>
		<media_captions><![CDATA[]]></media_captions>
		<media_descriptions><![CDATA[]]></media_descriptions>
		<media_alts><![CDATA[]]></media_alts>
		<attachments_attachments><![CDATA[]]></attachments_attachments>
		<sku><![CDATA[400]]></sku>
		<price><![CDATA[1]]></price>
		<regularprice><![CDATA[1]]></regularprice>
		<saleprice><![CDATA[1]]></saleprice>
		<stockstatus><![CDATA[instock]]></stockstatus>
		<stock><![CDATA[]]></stock>
		<visibility><![CDATA[visible]]></visibility>
		<producturl><![CDATA[]]></producturl>
		<totalsales><![CDATA[0]]></totalsales>
		<shippingclass><![CDATA[]]></shippingclass>
		<producttype><![CDATA[simple]]></producttype>
		<parent_sku><![CDATA[0]]></parent_sku>
		<productcategories><![CDATA[Аксессуары>HDD]]></productcategories>
		<producttags><![CDATA[]]></producttags>
		<status><![CDATA[publish]]></status>
		<author><![CDATA[1]]></author>
		<slug><![CDATA[hdd-1]]></slug>
		<format><![CDATA[]]></format>
		<template><![CDATA[]]></template>
		<parent><![CDATA[0]]></parent>
		<order><![CDATA[0]]></order>
		<permalink><![CDATA[http://plg2.bragin.ru/product/hdd-1/]]></permalink>
		<commentstatus><![CDATA[closed]]></commentstatus>
		<pingstatus><![CDATA[open]]></pingstatus>
		<downloadable><![CDATA[no]]></downloadable>
		<virtual><![CDATA[no]]></virtual>
		<purchasenote><![CDATA[]]></purchasenote>
		<featured><![CDATA[no]]></featured>
		<weight><![CDATA[]]></weight>
		<length><![CDATA[]]></length>
		<width><![CDATA[]]></width>
		<height><![CDATA[]]></height>
		<salepricedatesfrom><![CDATA[]]></salepricedatesfrom>
		<salepricedatesto><![CDATA[]]></salepricedatesto>
		<soldindividually><![CDATA[]]></soldindividually>
		<managestock><![CDATA[no]]></managestock>
		<upsellids><![CDATA[]]></upsellids>
		<crosssellids><![CDATA[]]></crosssellids>
		<downloadablefilespaths><![CDATA[]]></downloadablefilespaths>
		<downloadablefilesnames><![CDATA[]]></downloadablefilesnames>
		<downloadlimit><![CDATA[]]></downloadlimit>
		<downloadexpiry><![CDATA[]]></downloadexpiry>
		<downloadtype><![CDATA[]]></downloadtype>
		<buttontext><![CDATA[]]></buttontext>
		<backorders><![CDATA[no]]></backorders>
		<taxstatus><![CDATA[none]]></taxstatus>
		<taxclass><![CDATA[]]></taxclass>
		<productimagegallery><![CDATA[]]></productimagegallery>
		<defaultattributes><![CDATA[]]></defaultattributes>
		<productattributes><![CDATA[a:0:{}]]></productattributes>
		<productversion><![CDATA[]]></productversion>
	</node>
	<node>
		<id><![CDATA[29]]></id>
		<title><![CDATA[HDD 2]]></title>
		<content><![CDATA[Полное описание: full text

Маркетинг: Marketing Information

Техническое описание: Technical Information

<span style="line-height: 1.5;">ID - </span>401]]></content>
		<excerpt><![CDATA[HDD 2]]></excerpt>
		<date><![CDATA[20151102]]></date>
		<posttype><![CDATA[product]]></posttype>
		<media_images><![CDATA[]]></media_images>
		<media_titles><![CDATA[]]></media_titles>
		<media_captions><![CDATA[]]></media_captions>
		<media_descriptions><![CDATA[]]></media_descriptions>
		<media_alts><![CDATA[]]></media_alts>
		<attachments_attachments><![CDATA[]]></attachments_attachments>
		<sku><![CDATA[401]]></sku>
		<price><![CDATA[1]]></price>
		<regularprice><![CDATA[1]]></regularprice>
		<saleprice><![CDATA[1]]></saleprice>
		<stockstatus><![CDATA[instock]]></stockstatus>
		<stock><![CDATA[]]></stock>
		<visibility><![CDATA[visible]]></visibility>
		<producturl><![CDATA[]]></producturl>
		<totalsales><![CDATA[0]]></totalsales>
		<shippingclass><![CDATA[]]></shippingclass>
		<producttype><![CDATA[simple]]></producttype>
		<parent_sku><![CDATA[0]]></parent_sku>
		<productcategories><![CDATA[Аксессуары>HDD]]></productcategories>
		<producttags><![CDATA[]]></producttags>
		<status><![CDATA[publish]]></status>
		<author><![CDATA[1]]></author>
		<slug><![CDATA[hdd-2]]></slug>
		<format><![CDATA[]]></format>
		<template><![CDATA[]]></template>
		<parent><![CDATA[0]]></parent>
		<order><![CDATA[0]]></order>
		<permalink><![CDATA[http://plg2.bragin.ru/product/hdd-2/]]></permalink>
		<commentstatus><![CDATA[closed]]></commentstatus>
		<pingstatus><![CDATA[open]]></pingstatus>
		<downloadable><![CDATA[no]]></downloadable>
		<virtual><![CDATA[no]]></virtual>
		<purchasenote><![CDATA[]]></purchasenote>
		<featured><![CDATA[no]]></featured>
		<weight><![CDATA[]]></weight>
		<length><![CDATA[]]></length>
		<width><![CDATA[]]></width>
		<height><![CDATA[]]></height>
		<salepricedatesfrom><![CDATA[]]></salepricedatesfrom>
		<salepricedatesto><![CDATA[]]></salepricedatesto>
		<soldindividually><![CDATA[]]></soldindividually>
		<managestock><![CDATA[no]]></managestock>
		<upsellids><![CDATA[]]></upsellids>
		<crosssellids><![CDATA[]]></crosssellids>
		<downloadablefilespaths><![CDATA[]]></downloadablefilespaths>
		<downloadablefilesnames><![CDATA[]]></downloadablefilesnames>
		<downloadlimit><![CDATA[]]></downloadlimit>
		<downloadexpiry><![CDATA[]]></downloadexpiry>
		<downloadtype><![CDATA[]]></downloadtype>
		<buttontext><![CDATA[]]></buttontext>
		<backorders><![CDATA[no]]></backorders>
		<taxstatus><![CDATA[none]]></taxstatus>
		<taxclass><![CDATA[]]></taxclass>
		<productimagegallery><![CDATA[]]></productimagegallery>
		<defaultattributes><![CDATA[]]></defaultattributes>
		<productattributes><![CDATA[a:0:{}]]></productattributes>
		<productversion><![CDATA[]]></productversion>
	</node>
	<node>
		<id><![CDATA[30]]></id>
		<title><![CDATA[Колонки 1]]></title>
		<content><![CDATA[Полное описание: full text

Маркетинг: Marketing Information

Техническое описание: Technical Information

<span style="line-height: 1.5;">ID - </span>402]]></content>
		<excerpt><![CDATA[Колонки 1]]></excerpt>
		<date><![CDATA[20151102]]></date>
		<posttype><![CDATA[product]]></posttype>
		<media_images><![CDATA[]]></media_images>
		<media_titles><![CDATA[]]></media_titles>
		<media_captions><![CDATA[]]></media_captions>
		<media_descriptions><![CDATA[]]></media_descriptions>
		<media_alts><![CDATA[]]></media_alts>
		<attachments_attachments><![CDATA[]]></attachments_attachments>
		<sku><![CDATA[402]]></sku>
		<price><![CDATA[1]]></price>
		<regularprice><![CDATA[1]]></regularprice>
		<saleprice><![CDATA[1]]></saleprice>
		<stockstatus><![CDATA[instock]]></stockstatus>
		<stock><![CDATA[]]></stock>
		<visibility><![CDATA[visible]]></visibility>
		<producturl><![CDATA[]]></producturl>
		<totalsales><![CDATA[0]]></totalsales>
		<shippingclass><![CDATA[]]></shippingclass>
		<producttype><![CDATA[simple]]></producttype>
		<parent_sku><![CDATA[0]]></parent_sku>
		<productcategories><![CDATA[Аксессуары>Колонки]]></productcategories>
		<producttags><![CDATA[]]></producttags>
		<status><![CDATA[publish]]></status>
		<author><![CDATA[1]]></author>
		<slug><![CDATA[%d0%ba%d0%be%d0%bb%d0%be%d0%bd%d0%ba%d0%b8-1]]></slug>
		<format><![CDATA[]]></format>
		<template><![CDATA[]]></template>
		<parent><![CDATA[0]]></parent>
		<order><![CDATA[0]]></order>
		<permalink><![CDATA[http://plg2.bragin.ru/product/%d0%ba%d0%be%d0%bb%d0%be%d0%bd%d0%ba%d0%b8-1/]]></permalink>
		<commentstatus><![CDATA[closed]]></commentstatus>
		<pingstatus><![CDATA[open]]></pingstatus>
		<downloadable><![CDATA[no]]></downloadable>
		<virtual><![CDATA[no]]></virtual>
		<purchasenote><![CDATA[]]></purchasenote>
		<featured><![CDATA[no]]></featured>
		<weight><![CDATA[]]></weight>
		<length><![CDATA[]]></length>
		<width><![CDATA[]]></width>
		<height><![CDATA[]]></height>
		<salepricedatesfrom><![CDATA[]]></salepricedatesfrom>
		<salepricedatesto><![CDATA[]]></salepricedatesto>
		<soldindividually><![CDATA[]]></soldindividually>
		<managestock><![CDATA[no]]></managestock>
		<upsellids><![CDATA[]]></upsellids>
		<crosssellids><![CDATA[]]></crosssellids>
		<downloadablefilespaths><![CDATA[]]></downloadablefilespaths>
		<downloadablefilesnames><![CDATA[]]></downloadablefilesnames>
		<downloadlimit><![CDATA[]]></downloadlimit>
		<downloadexpiry><![CDATA[]]></downloadexpiry>
		<downloadtype><![CDATA[]]></downloadtype>
		<buttontext><![CDATA[]]></buttontext>
		<backorders><![CDATA[no]]></backorders>
		<taxstatus><![CDATA[none]]></taxstatus>
		<taxclass><![CDATA[]]></taxclass>
		<productimagegallery><![CDATA[]]></productimagegallery>
		<defaultattributes><![CDATA[]]></defaultattributes>
		<productattributes><![CDATA[a:0:{}]]></productattributes>
		<productversion><![CDATA[]]></productversion>
	</node>
	<node>
		<id><![CDATA[31]]></id>
		<title><![CDATA[Колонки 2]]></title>
		<content><![CDATA[Полное описание: full text

Маркетинг: Marketing Information

Техническое описание: Technical Information

<span style="line-height: 1.5;">ID - </span>403]]></content>
		<excerpt><![CDATA[Колонки 2]]></excerpt>
		<date><![CDATA[20151102]]></date>
		<posttype><![CDATA[product]]></posttype>
		<media_images><![CDATA[]]></media_images>
		<media_titles><![CDATA[]]></media_titles>
		<media_captions><![CDATA[]]></media_captions>
		<media_descriptions><![CDATA[]]></media_descriptions>
		<media_alts><![CDATA[]]></media_alts>
		<attachments_attachments><![CDATA[]]></attachments_attachments>
		<sku><![CDATA[403]]></sku>
		<price><![CDATA[1]]></price>
		<regularprice><![CDATA[1]]></regularprice>
		<saleprice><![CDATA[1]]></saleprice>
		<stockstatus><![CDATA[instock]]></stockstatus>
		<stock><![CDATA[]]></stock>
		<visibility><![CDATA[visible]]></visibility>
		<producturl><![CDATA[]]></producturl>
		<totalsales><![CDATA[0]]></totalsales>
		<shippingclass><![CDATA[]]></shippingclass>
		<producttype><![CDATA[simple]]></producttype>
		<parent_sku><![CDATA[0]]></parent_sku>
		<productcategories><![CDATA[Аксессуары>Колонки]]></productcategories>
		<producttags><![CDATA[]]></producttags>
		<status><![CDATA[publish]]></status>
		<author><![CDATA[1]]></author>
		<slug><![CDATA[%d0%ba%d0%be%d0%bb%d0%be%d0%bd%d0%ba%d0%b8-2]]></slug>
		<format><![CDATA[]]></format>
		<template><![CDATA[]]></template>
		<parent><![CDATA[0]]></parent>
		<order><![CDATA[0]]></order>
		<permalink><![CDATA[http://plg2.bragin.ru/product/%d0%ba%d0%be%d0%bb%d0%be%d0%bd%d0%ba%d0%b8-2/]]></permalink>
		<commentstatus><![CDATA[closed]]></commentstatus>
		<pingstatus><![CDATA[open]]></pingstatus>
		<downloadable><![CDATA[no]]></downloadable>
		<virtual><![CDATA[no]]></virtual>
		<purchasenote><![CDATA[]]></purchasenote>
		<featured><![CDATA[no]]></featured>
		<weight><![CDATA[]]></weight>
		<length><![CDATA[]]></length>
		<width><![CDATA[]]></width>
		<height><![CDATA[]]></height>
		<salepricedatesfrom><![CDATA[]]></salepricedatesfrom>
		<salepricedatesto><![CDATA[]]></salepricedatesto>
		<soldindividually><![CDATA[]]></soldindividually>
		<managestock><![CDATA[no]]></managestock>
		<upsellids><![CDATA[]]></upsellids>
		<crosssellids><![CDATA[]]></crosssellids>
		<downloadablefilespaths><![CDATA[]]></downloadablefilespaths>
		<downloadablefilesnames><![CDATA[]]></downloadablefilesnames>
		<downloadlimit><![CDATA[]]></downloadlimit>
		<downloadexpiry><![CDATA[]]></downloadexpiry>
		<downloadtype><![CDATA[]]></downloadtype>
		<buttontext><![CDATA[]]></buttontext>
		<backorders><![CDATA[no]]></backorders>
		<taxstatus><![CDATA[none]]></taxstatus>
		<taxclass><![CDATA[]]></taxclass>
		<productimagegallery><![CDATA[]]></productimagegallery>
		<defaultattributes><![CDATA[]]></defaultattributes>
		<productattributes><![CDATA[a:0:{}]]></productattributes>
		<productversion><![CDATA[]]></productversion>
	</node>
	<node>
		<id><![CDATA[32]]></id>
		<title><![CDATA[Senheiser 123434]]></title>
		<content><![CDATA[Полное описание: full text

Маркетинг: Marketing Information

Техническое описание: Technical Information

<span style="line-height: 1.5;">ID - </span>404]]></content>
		<excerpt><![CDATA[Senheiser 123434]]></excerpt>
		<date><![CDATA[20151102]]></date>
		<posttype><![CDATA[product]]></posttype>
		<media_images><![CDATA[]]></media_images>
		<media_titles><![CDATA[]]></media_titles>
		<media_captions><![CDATA[]]></media_captions>
		<media_descriptions><![CDATA[]]></media_descriptions>
		<media_alts><![CDATA[]]></media_alts>
		<attachments_attachments><![CDATA[]]></attachments_attachments>
		<sku><![CDATA[404]]></sku>
		<price><![CDATA[1]]></price>
		<regularprice><![CDATA[1]]></regularprice>
		<saleprice><![CDATA[1]]></saleprice>
		<stockstatus><![CDATA[instock]]></stockstatus>
		<stock><![CDATA[]]></stock>
		<visibility><![CDATA[visible]]></visibility>
		<producturl><![CDATA[]]></producturl>
		<totalsales><![CDATA[0]]></totalsales>
		<shippingclass><![CDATA[]]></shippingclass>
		<producttype><![CDATA[simple]]></producttype>
		<parent_sku><![CDATA[0]]></parent_sku>
		<productcategories><![CDATA[Аксессуары>Наушники]]></productcategories>
		<producttags><![CDATA[]]></producttags>
		<status><![CDATA[publish]]></status>
		<author><![CDATA[1]]></author>
		<slug><![CDATA[senheiser-123434]]></slug>
		<format><![CDATA[]]></format>
		<template><![CDATA[]]></template>
		<parent><![CDATA[0]]></parent>
		<order><![CDATA[0]]></order>
		<permalink><![CDATA[http://plg2.bragin.ru/product/senheiser-123434/]]></permalink>
		<commentstatus><![CDATA[closed]]></commentstatus>
		<pingstatus><![CDATA[open]]></pingstatus>
		<downloadable><![CDATA[no]]></downloadable>
		<virtual><![CDATA[no]]></virtual>
		<purchasenote><![CDATA[]]></purchasenote>
		<featured><![CDATA[no]]></featured>
		<weight><![CDATA[]]></weight>
		<length><![CDATA[]]></length>
		<width><![CDATA[]]></width>
		<height><![CDATA[]]></height>
		<salepricedatesfrom><![CDATA[]]></salepricedatesfrom>
		<salepricedatesto><![CDATA[]]></salepricedatesto>
		<soldindividually><![CDATA[]]></soldindividually>
		<managestock><![CDATA[no]]></managestock>
		<upsellids><![CDATA[]]></upsellids>
		<crosssellids><![CDATA[]]></crosssellids>
		<downloadablefilespaths><![CDATA[]]></downloadablefilespaths>
		<downloadablefilesnames><![CDATA[]]></downloadablefilesnames>
		<downloadlimit><![CDATA[]]></downloadlimit>
		<downloadexpiry><![CDATA[]]></downloadexpiry>
		<downloadtype><![CDATA[]]></downloadtype>
		<buttontext><![CDATA[]]></buttontext>
		<backorders><![CDATA[no]]></backorders>
		<taxstatus><![CDATA[none]]></taxstatus>
		<taxclass><![CDATA[]]></taxclass>
		<productimagegallery><![CDATA[]]></productimagegallery>
		<defaultattributes><![CDATA[]]></defaultattributes>
		<productattributes><![CDATA[a:0:{}]]></productattributes>
		<productversion><![CDATA[]]></productversion>
	</node>
	<node>
		<id><![CDATA[33]]></id>
		<title><![CDATA[Philips 1010]]></title>
		<content><![CDATA[Полное описание: full text

Маркетинг: Marketing Information

Техническое описание: Technical Information

<span style="line-height: 1.5;">ID - </span>405]]></content>
		<excerpt><![CDATA[Philips 1010]]></excerpt>
		<date><![CDATA[20151102]]></date>
		<posttype><![CDATA[product]]></posttype>
		<media_images><![CDATA[]]></media_images>
		<media_titles><![CDATA[]]></media_titles>
		<media_captions><![CDATA[]]></media_captions>
		<media_descriptions><![CDATA[]]></media_descriptions>
		<media_alts><![CDATA[]]></media_alts>
		<attachments_attachments><![CDATA[]]></attachments_attachments>
		<sku><![CDATA[405]]></sku>
		<price><![CDATA[1]]></price>
		<regularprice><![CDATA[1]]></regularprice>
		<saleprice><![CDATA[1]]></saleprice>
		<stockstatus><![CDATA[instock]]></stockstatus>
		<stock><![CDATA[]]></stock>
		<visibility><![CDATA[visible]]></visibility>
		<producturl><![CDATA[]]></producturl>
		<totalsales><![CDATA[0]]></totalsales>
		<shippingclass><![CDATA[]]></shippingclass>
		<producttype><![CDATA[simple]]></producttype>
		<parent_sku><![CDATA[0]]></parent_sku>
		<productcategories><![CDATA[Аксессуары>Наушники]]></productcategories>
		<producttags><![CDATA[]]></producttags>
		<status><![CDATA[publish]]></status>
		<author><![CDATA[1]]></author>
		<slug><![CDATA[philips-1010]]></slug>
		<format><![CDATA[]]></format>
		<template><![CDATA[]]></template>
		<parent><![CDATA[0]]></parent>
		<order><![CDATA[0]]></order>
		<permalink><![CDATA[http://plg2.bragin.ru/product/philips-1010/]]></permalink>
		<commentstatus><![CDATA[closed]]></commentstatus>
		<pingstatus><![CDATA[open]]></pingstatus>
		<downloadable><![CDATA[no]]></downloadable>
		<virtual><![CDATA[no]]></virtual>
		<purchasenote><![CDATA[]]></purchasenote>
		<featured><![CDATA[no]]></featured>
		<weight><![CDATA[]]></weight>
		<length><![CDATA[]]></length>
		<width><![CDATA[]]></width>
		<height><![CDATA[]]></height>
		<salepricedatesfrom><![CDATA[]]></salepricedatesfrom>
		<salepricedatesto><![CDATA[]]></salepricedatesto>
		<soldindividually><![CDATA[]]></soldindividually>
		<managestock><![CDATA[no]]></managestock>
		<upsellids><![CDATA[]]></upsellids>
		<crosssellids><![CDATA[]]></crosssellids>
		<downloadablefilespaths><![CDATA[]]></downloadablefilespaths>
		<downloadablefilesnames><![CDATA[]]></downloadablefilesnames>
		<downloadlimit><![CDATA[]]></downloadlimit>
		<downloadexpiry><![CDATA[]]></downloadexpiry>
		<downloadtype><![CDATA[]]></downloadtype>
		<buttontext><![CDATA[]]></buttontext>
		<backorders><![CDATA[no]]></backorders>
		<taxstatus><![CDATA[none]]></taxstatus>
		<taxclass><![CDATA[]]></taxclass>
		<productimagegallery><![CDATA[]]></productimagegallery>
		<defaultattributes><![CDATA[]]></defaultattributes>
		<productattributes><![CDATA[a:0:{}]]></productattributes>
		<productversion><![CDATA[]]></productversion>
	</node>
	<node>
		<id><![CDATA[34]]></id>
		<title><![CDATA[Чехол 1]]></title>
		<content><![CDATA[Полное описание: full text

Маркетинг: Marketing Information

Техническое описание: Technical Information

<span style="line-height: 1.5;">ID - </span>406]]></content>
		<excerpt><![CDATA[Чехол 1]]></excerpt>
		<date><![CDATA[20151102]]></date>
		<posttype><![CDATA[product]]></posttype>
		<media_images><![CDATA[]]></media_images>
		<media_titles><![CDATA[]]></media_titles>
		<media_captions><![CDATA[]]></media_captions>
		<media_descriptions><![CDATA[]]></media_descriptions>
		<media_alts><![CDATA[]]></media_alts>
		<attachments_attachments><![CDATA[]]></attachments_attachments>
		<sku><![CDATA[406]]></sku>
		<price><![CDATA[1]]></price>
		<regularprice><![CDATA[1]]></regularprice>
		<saleprice><![CDATA[1]]></saleprice>
		<stockstatus><![CDATA[instock]]></stockstatus>
		<stock><![CDATA[]]></stock>
		<visibility><![CDATA[visible]]></visibility>
		<producturl><![CDATA[]]></producturl>
		<totalsales><![CDATA[0]]></totalsales>
		<shippingclass><![CDATA[]]></shippingclass>
		<producttype><![CDATA[simple]]></producttype>
		<parent_sku><![CDATA[0]]></parent_sku>
		<productcategories><![CDATA[Аксессуары>Чехлы]]></productcategories>
		<producttags><![CDATA[]]></producttags>
		<status><![CDATA[publish]]></status>
		<author><![CDATA[1]]></author>
		<slug><![CDATA[%d1%87%d0%b5%d1%85%d0%be%d0%bb-1]]></slug>
		<format><![CDATA[]]></format>
		<template><![CDATA[]]></template>
		<parent><![CDATA[0]]></parent>
		<order><![CDATA[0]]></order>
		<permalink><![CDATA[http://plg2.bragin.ru/product/%d1%87%d0%b5%d1%85%d0%be%d0%bb-1/]]></permalink>
		<commentstatus><![CDATA[closed]]></commentstatus>
		<pingstatus><![CDATA[open]]></pingstatus>
		<downloadable><![CDATA[no]]></downloadable>
		<virtual><![CDATA[no]]></virtual>
		<purchasenote><![CDATA[]]></purchasenote>
		<featured><![CDATA[no]]></featured>
		<weight><![CDATA[]]></weight>
		<length><![CDATA[]]></length>
		<width><![CDATA[]]></width>
		<height><![CDATA[]]></height>
		<salepricedatesfrom><![CDATA[]]></salepricedatesfrom>
		<salepricedatesto><![CDATA[]]></salepricedatesto>
		<soldindividually><![CDATA[]]></soldindividually>
		<managestock><![CDATA[no]]></managestock>
		<upsellids><![CDATA[]]></upsellids>
		<crosssellids><![CDATA[]]></crosssellids>
		<downloadablefilespaths><![CDATA[]]></downloadablefilespaths>
		<downloadablefilesnames><![CDATA[]]></downloadablefilesnames>
		<downloadlimit><![CDATA[]]></downloadlimit>
		<downloadexpiry><![CDATA[]]></downloadexpiry>
		<downloadtype><![CDATA[]]></downloadtype>
		<buttontext><![CDATA[]]></buttontext>
		<backorders><![CDATA[no]]></backorders>
		<taxstatus><![CDATA[none]]></taxstatus>
		<taxclass><![CDATA[]]></taxclass>
		<productimagegallery><![CDATA[]]></productimagegallery>
		<defaultattributes><![CDATA[]]></defaultattributes>
		<productattributes><![CDATA[a:0:{}]]></productattributes>
		<productversion><![CDATA[]]></productversion>
	</node>
	<node>
		<id><![CDATA[35]]></id>
		<title><![CDATA[Чехол 2]]></title>
		<content><![CDATA[Полное описание: full text

Маркетинг: Marketing Information

Техническое описание: Technical Information

<span style="line-height: 1.5;">ID - </span>407]]></content>
		<excerpt><![CDATA[Чехол 2]]></excerpt>
		<date><![CDATA[20151102]]></date>
		<posttype><![CDATA[product]]></posttype>
		<media_images><![CDATA[]]></media_images>
		<media_titles><![CDATA[]]></media_titles>
		<media_captions><![CDATA[]]></media_captions>
		<media_descriptions><![CDATA[]]></media_descriptions>
		<media_alts><![CDATA[]]></media_alts>
		<attachments_attachments><![CDATA[]]></attachments_attachments>
		<sku><![CDATA[407]]></sku>
		<price><![CDATA[1]]></price>
		<regularprice><![CDATA[1]]></regularprice>
		<saleprice><![CDATA[1]]></saleprice>
		<stockstatus><![CDATA[instock]]></stockstatus>
		<stock><![CDATA[]]></stock>
		<visibility><![CDATA[visible]]></visibility>
		<producturl><![CDATA[]]></producturl>
		<totalsales><![CDATA[0]]></totalsales>
		<shippingclass><![CDATA[]]></shippingclass>
		<producttype><![CDATA[simple]]></producttype>
		<parent_sku><![CDATA[0]]></parent_sku>
		<productcategories><![CDATA[Аксессуары>Чехлы]]></productcategories>
		<producttags><![CDATA[]]></producttags>
		<status><![CDATA[publish]]></status>
		<author><![CDATA[1]]></author>
		<slug><![CDATA[%d1%87%d0%b5%d1%85%d0%be%d0%bb-2]]></slug>
		<format><![CDATA[]]></format>
		<template><![CDATA[]]></template>
		<parent><![CDATA[0]]></parent>
		<order><![CDATA[0]]></order>
		<permalink><![CDATA[http://plg2.bragin.ru/product/%d1%87%d0%b5%d1%85%d0%be%d0%bb-2/]]></permalink>
		<commentstatus><![CDATA[closed]]></commentstatus>
		<pingstatus><![CDATA[open]]></pingstatus>
		<downloadable><![CDATA[no]]></downloadable>
		<virtual><![CDATA[no]]></virtual>
		<purchasenote><![CDATA[]]></purchasenote>
		<featured><![CDATA[no]]></featured>
		<weight><![CDATA[]]></weight>
		<length><![CDATA[]]></length>
		<width><![CDATA[]]></width>
		<height><![CDATA[]]></height>
		<salepricedatesfrom><![CDATA[]]></salepricedatesfrom>
		<salepricedatesto><![CDATA[]]></salepricedatesto>
		<soldindividually><![CDATA[]]></soldindividually>
		<managestock><![CDATA[no]]></managestock>
		<upsellids><![CDATA[]]></upsellids>
		<crosssellids><![CDATA[]]></crosssellids>
		<downloadablefilespaths><![CDATA[]]></downloadablefilespaths>
		<downloadablefilesnames><![CDATA[]]></downloadablefilesnames>
		<downloadlimit><![CDATA[]]></downloadlimit>
		<downloadexpiry><![CDATA[]]></downloadexpiry>
		<downloadtype><![CDATA[]]></downloadtype>
		<buttontext><![CDATA[]]></buttontext>
		<backorders><![CDATA[no]]></backorders>
		<taxstatus><![CDATA[none]]></taxstatus>
		<taxclass><![CDATA[]]></taxclass>
		<productimagegallery><![CDATA[]]></productimagegallery>
		<defaultattributes><![CDATA[]]></defaultattributes>
		<productattributes><![CDATA[a:0:{}]]></productattributes>
		<productversion><![CDATA[]]></productversion>
	</node>
	<node>
		<id><![CDATA[36]]></id>
		<title><![CDATA[MacPro версия 1]]></title>
		<content><![CDATA[Полное описание: full text

Маркетинг: Marketing Information

Техническое описание: Technical Information

<span style="line-height: 1.5;">ID - </span>10000]]></content>
		<excerpt><![CDATA[MacPro версия 1]]></excerpt>
		<date><![CDATA[20151102]]></date>
		<posttype><![CDATA[product]]></posttype>
		<media_images><![CDATA[]]></media_images>
		<media_titles><![CDATA[]]></media_titles>
		<media_captions><![CDATA[]]></media_captions>
		<media_descriptions><![CDATA[]]></media_descriptions>
		<media_alts><![CDATA[]]></media_alts>
		<attachments_attachments><![CDATA[]]></attachments_attachments>
		<sku><![CDATA[10000]]></sku>
		<price><![CDATA[1]]></price>
		<regularprice><![CDATA[1]]></regularprice>
		<saleprice><![CDATA[1]]></saleprice>
		<stockstatus><![CDATA[instock]]></stockstatus>
		<stock><![CDATA[]]></stock>
		<visibility><![CDATA[visible]]></visibility>
		<producturl><![CDATA[]]></producturl>
		<totalsales><![CDATA[0]]></totalsales>
		<shippingclass><![CDATA[]]></shippingclass>
		<producttype><![CDATA[simple]]></producttype>
		<parent_sku><![CDATA[0]]></parent_sku>
		<productcategories><![CDATA[Mac>Mac Pro]]></productcategories>
		<producttags><![CDATA[]]></producttags>
		<status><![CDATA[publish]]></status>
		<author><![CDATA[1]]></author>
		<slug><![CDATA[macpro-%d0%b2%d0%b5%d1%80%d1%81%d0%b8%d1%8f-1]]></slug>
		<format><![CDATA[]]></format>
		<template><![CDATA[]]></template>
		<parent><![CDATA[0]]></parent>
		<order><![CDATA[0]]></order>
		<permalink><![CDATA[http://plg2.bragin.ru/product/macpro-%d0%b2%d0%b5%d1%80%d1%81%d0%b8%d1%8f-1/]]></permalink>
		<commentstatus><![CDATA[closed]]></commentstatus>
		<pingstatus><![CDATA[open]]></pingstatus>
		<downloadable><![CDATA[no]]></downloadable>
		<virtual><![CDATA[no]]></virtual>
		<purchasenote><![CDATA[]]></purchasenote>
		<featured><![CDATA[no]]></featured>
		<weight><![CDATA[]]></weight>
		<length><![CDATA[]]></length>
		<width><![CDATA[]]></width>
		<height><![CDATA[]]></height>
		<salepricedatesfrom><![CDATA[]]></salepricedatesfrom>
		<salepricedatesto><![CDATA[]]></salepricedatesto>
		<soldindividually><![CDATA[]]></soldindividually>
		<managestock><![CDATA[no]]></managestock>
		<upsellids><![CDATA[]]></upsellids>
		<crosssellids><![CDATA[]]></crosssellids>
		<downloadablefilespaths><![CDATA[]]></downloadablefilespaths>
		<downloadablefilesnames><![CDATA[]]></downloadablefilesnames>
		<downloadlimit><![CDATA[]]></downloadlimit>
		<downloadexpiry><![CDATA[]]></downloadexpiry>
		<downloadtype><![CDATA[]]></downloadtype>
		<buttontext><![CDATA[]]></buttontext>
		<backorders><![CDATA[no]]></backorders>
		<taxstatus><![CDATA[none]]></taxstatus>
		<taxclass><![CDATA[]]></taxclass>
		<productimagegallery><![CDATA[]]></productimagegallery>
		<defaultattributes><![CDATA[]]></defaultattributes>
		<productattributes><![CDATA[a:0:{}]]></productattributes>
		<productversion><![CDATA[]]></productversion>
	</node>
	<node>
		<id><![CDATA[37]]></id>
		<title><![CDATA[Mac Mini версия 1]]></title>
		<content><![CDATA[Полное описание: full text

Маркетинг: Marketing Information

Техническое описание: Technical Information

<span style="line-height: 1.5;">ID - </span>10001]]></content>
		<excerpt><![CDATA[Mac Mini версия 1]]></excerpt>
		<date><![CDATA[20151102]]></date>
		<posttype><![CDATA[product]]></posttype>
		<media_images><![CDATA[]]></media_images>
		<media_titles><![CDATA[]]></media_titles>
		<media_captions><![CDATA[]]></media_captions>
		<media_descriptions><![CDATA[]]></media_descriptions>
		<media_alts><![CDATA[]]></media_alts>
		<attachments_attachments><![CDATA[]]></attachments_attachments>
		<sku><![CDATA[10001]]></sku>
		<price><![CDATA[1]]></price>
		<regularprice><![CDATA[1]]></regularprice>
		<saleprice><![CDATA[1]]></saleprice>
		<stockstatus><![CDATA[instock]]></stockstatus>
		<stock><![CDATA[]]></stock>
		<visibility><![CDATA[visible]]></visibility>
		<producturl><![CDATA[]]></producturl>
		<totalsales><![CDATA[0]]></totalsales>
		<shippingclass><![CDATA[]]></shippingclass>
		<producttype><![CDATA[simple]]></producttype>
		<parent_sku><![CDATA[0]]></parent_sku>
		<productcategories><![CDATA[Mac>Mac Mini]]></productcategories>
		<producttags><![CDATA[]]></producttags>
		<status><![CDATA[publish]]></status>
		<author><![CDATA[1]]></author>
		<slug><![CDATA[mac-mini-%d0%b2%d0%b5%d1%80%d1%81%d0%b8%d1%8f-1]]></slug>
		<format><![CDATA[]]></format>
		<template><![CDATA[]]></template>
		<parent><![CDATA[0]]></parent>
		<order><![CDATA[0]]></order>
		<permalink><![CDATA[http://plg2.bragin.ru/product/mac-mini-%d0%b2%d0%b5%d1%80%d1%81%d0%b8%d1%8f-1/]]></permalink>
		<commentstatus><![CDATA[closed]]></commentstatus>
		<pingstatus><![CDATA[open]]></pingstatus>
		<downloadable><![CDATA[no]]></downloadable>
		<virtual><![CDATA[no]]></virtual>
		<purchasenote><![CDATA[]]></purchasenote>
		<featured><![CDATA[no]]></featured>
		<weight><![CDATA[]]></weight>
		<length><![CDATA[]]></length>
		<width><![CDATA[]]></width>
		<height><![CDATA[]]></height>
		<salepricedatesfrom><![CDATA[]]></salepricedatesfrom>
		<salepricedatesto><![CDATA[]]></salepricedatesto>
		<soldindividually><![CDATA[]]></soldindividually>
		<managestock><![CDATA[no]]></managestock>
		<upsellids><![CDATA[]]></upsellids>
		<crosssellids><![CDATA[]]></crosssellids>
		<downloadablefilespaths><![CDATA[]]></downloadablefilespaths>
		<downloadablefilesnames><![CDATA[]]></downloadablefilesnames>
		<downloadlimit><![CDATA[]]></downloadlimit>
		<downloadexpiry><![CDATA[]]></downloadexpiry>
		<downloadtype><![CDATA[]]></downloadtype>
		<buttontext><![CDATA[]]></buttontext>
		<backorders><![CDATA[no]]></backorders>
		<taxstatus><![CDATA[none]]></taxstatus>
		<taxclass><![CDATA[]]></taxclass>
		<productimagegallery><![CDATA[]]></productimagegallery>
		<defaultattributes><![CDATA[]]></defaultattributes>
		<productattributes><![CDATA[a:0:{}]]></productattributes>
		<productversion><![CDATA[]]></productversion>
	</node>
	<node>
		<id><![CDATA[38]]></id>
		<title><![CDATA[iMac версия 1]]></title>
		<content><![CDATA[Полное описание: full text

Маркетинг: Marketing Information

Техническое описание: Technical Information

<span style="line-height: 1.5;">ID - </span>10002]]></content>
		<excerpt><![CDATA[iMac версия 1]]></excerpt>
		<date><![CDATA[20151102]]></date>
		<posttype><![CDATA[product]]></posttype>
		<media_images><![CDATA[]]></media_images>
		<media_titles><![CDATA[]]></media_titles>
		<media_captions><![CDATA[]]></media_captions>
		<media_descriptions><![CDATA[]]></media_descriptions>
		<media_alts><![CDATA[]]></media_alts>
		<attachments_attachments><![CDATA[]]></attachments_attachments>
		<sku><![CDATA[10002]]></sku>
		<price><![CDATA[1]]></price>
		<regularprice><![CDATA[1]]></regularprice>
		<saleprice><![CDATA[1]]></saleprice>
		<stockstatus><![CDATA[instock]]></stockstatus>
		<stock><![CDATA[]]></stock>
		<visibility><![CDATA[visible]]></visibility>
		<producturl><![CDATA[]]></producturl>
		<totalsales><![CDATA[0]]></totalsales>
		<shippingclass><![CDATA[]]></shippingclass>
		<producttype><![CDATA[simple]]></producttype>
		<parent_sku><![CDATA[0]]></parent_sku>
		<productcategories><![CDATA[Mac>iMac]]></productcategories>
		<producttags><![CDATA[]]></producttags>
		<status><![CDATA[publish]]></status>
		<author><![CDATA[1]]></author>
		<slug><![CDATA[imac-%d0%b2%d0%b5%d1%80%d1%81%d0%b8%d1%8f-1]]></slug>
		<format><![CDATA[]]></format>
		<template><![CDATA[]]></template>
		<parent><![CDATA[0]]></parent>
		<order><![CDATA[0]]></order>
		<permalink><![CDATA[http://plg2.bragin.ru/product/imac-%d0%b2%d0%b5%d1%80%d1%81%d0%b8%d1%8f-1/]]></permalink>
		<commentstatus><![CDATA[closed]]></commentstatus>
		<pingstatus><![CDATA[open]]></pingstatus>
		<downloadable><![CDATA[no]]></downloadable>
		<virtual><![CDATA[no]]></virtual>
		<purchasenote><![CDATA[]]></purchasenote>
		<featured><![CDATA[no]]></featured>
		<weight><![CDATA[]]></weight>
		<length><![CDATA[]]></length>
		<width><![CDATA[]]></width>
		<height><![CDATA[]]></height>
		<salepricedatesfrom><![CDATA[]]></salepricedatesfrom>
		<salepricedatesto><![CDATA[]]></salepricedatesto>
		<soldindividually><![CDATA[]]></soldindividually>
		<managestock><![CDATA[no]]></managestock>
		<upsellids><![CDATA[]]></upsellids>
		<crosssellids><![CDATA[]]></crosssellids>
		<downloadablefilespaths><![CDATA[]]></downloadablefilespaths>
		<downloadablefilesnames><![CDATA[]]></downloadablefilesnames>
		<downloadlimit><![CDATA[]]></downloadlimit>
		<downloadexpiry><![CDATA[]]></downloadexpiry>
		<downloadtype><![CDATA[]]></downloadtype>
		<buttontext><![CDATA[]]></buttontext>
		<backorders><![CDATA[no]]></backorders>
		<taxstatus><![CDATA[none]]></taxstatus>
		<taxclass><![CDATA[]]></taxclass>
		<productimagegallery><![CDATA[]]></productimagegallery>
		<defaultattributes><![CDATA[]]></defaultattributes>
		<productattributes><![CDATA[a:0:{}]]></productattributes>
		<productversion><![CDATA[]]></productversion>
	</node>
	<node>
		<id><![CDATA[39]]></id>
		<title><![CDATA[MacBook 13]]></title>
		<content><![CDATA[Полное описание: full text

Маркетинг: Marketing Information

Техническое описание: Technical Information

<span style="line-height: 1.5;">ID - </span>10003]]></content>
		<excerpt><![CDATA[MacBook 13]]></excerpt>
		<date><![CDATA[20151102]]></date>
		<posttype><![CDATA[product]]></posttype>
		<media_images><![CDATA[]]></media_images>
		<media_titles><![CDATA[]]></media_titles>
		<media_captions><![CDATA[]]></media_captions>
		<media_descriptions><![CDATA[]]></media_descriptions>
		<media_alts><![CDATA[]]></media_alts>
		<attachments_attachments><![CDATA[]]></attachments_attachments>
		<sku><![CDATA[10003]]></sku>
		<price><![CDATA[1]]></price>
		<regularprice><![CDATA[1]]></regularprice>
		<saleprice><![CDATA[1]]></saleprice>
		<stockstatus><![CDATA[instock]]></stockstatus>
		<stock><![CDATA[]]></stock>
		<visibility><![CDATA[visible]]></visibility>
		<producturl><![CDATA[]]></producturl>
		<totalsales><![CDATA[0]]></totalsales>
		<shippingclass><![CDATA[]]></shippingclass>
		<producttype><![CDATA[simple]]></producttype>
		<parent_sku><![CDATA[0]]></parent_sku>
		<productcategories><![CDATA[Mac>MacBook]]></productcategories>
		<producttags><![CDATA[]]></producttags>
		<status><![CDATA[publish]]></status>
		<author><![CDATA[1]]></author>
		<slug><![CDATA[macbook-13]]></slug>
		<format><![CDATA[]]></format>
		<template><![CDATA[]]></template>
		<parent><![CDATA[0]]></parent>
		<order><![CDATA[0]]></order>
		<permalink><![CDATA[http://plg2.bragin.ru/product/macbook-13/]]></permalink>
		<commentstatus><![CDATA[closed]]></commentstatus>
		<pingstatus><![CDATA[open]]></pingstatus>
		<downloadable><![CDATA[no]]></downloadable>
		<virtual><![CDATA[no]]></virtual>
		<purchasenote><![CDATA[]]></purchasenote>
		<featured><![CDATA[no]]></featured>
		<weight><![CDATA[]]></weight>
		<length><![CDATA[]]></length>
		<width><![CDATA[]]></width>
		<height><![CDATA[]]></height>
		<salepricedatesfrom><![CDATA[]]></salepricedatesfrom>
		<salepricedatesto><![CDATA[]]></salepricedatesto>
		<soldindividually><![CDATA[]]></soldindividually>
		<managestock><![CDATA[no]]></managestock>
		<upsellids><![CDATA[]]></upsellids>
		<crosssellids><![CDATA[]]></crosssellids>
		<downloadablefilespaths><![CDATA[]]></downloadablefilespaths>
		<downloadablefilesnames><![CDATA[]]></downloadablefilesnames>
		<downloadlimit><![CDATA[]]></downloadlimit>
		<downloadexpiry><![CDATA[]]></downloadexpiry>
		<downloadtype><![CDATA[]]></downloadtype>
		<buttontext><![CDATA[]]></buttontext>
		<backorders><![CDATA[no]]></backorders>
		<taxstatus><![CDATA[none]]></taxstatus>
		<taxclass><![CDATA[]]></taxclass>
		<productimagegallery><![CDATA[]]></productimagegallery>
		<defaultattributes><![CDATA[]]></defaultattributes>
		<productattributes><![CDATA[a:0:{}]]></productattributes>
		<productversion><![CDATA[]]></productversion>
	</node>
	<node>
		<id><![CDATA[40]]></id>
		<title><![CDATA[Macbook Air 13]]></title>
		<content><![CDATA[Полное описание: full text

Маркетинг: Marketing Information

Техническое описание: Technical Information

<span style="line-height: 1.5;">ID - </span>10004]]></content>
		<excerpt><![CDATA[Macbook Air 13]]></excerpt>
		<date><![CDATA[20151102]]></date>
		<posttype><![CDATA[product]]></posttype>
		<media_images><![CDATA[]]></media_images>
		<media_titles><![CDATA[]]></media_titles>
		<media_captions><![CDATA[]]></media_captions>
		<media_descriptions><![CDATA[]]></media_descriptions>
		<media_alts><![CDATA[]]></media_alts>
		<attachments_attachments><![CDATA[]]></attachments_attachments>
		<sku><![CDATA[10004]]></sku>
		<price><![CDATA[1]]></price>
		<regularprice><![CDATA[1]]></regularprice>
		<saleprice><![CDATA[1]]></saleprice>
		<stockstatus><![CDATA[instock]]></stockstatus>
		<stock><![CDATA[]]></stock>
		<visibility><![CDATA[visible]]></visibility>
		<producturl><![CDATA[]]></producturl>
		<totalsales><![CDATA[0]]></totalsales>
		<shippingclass><![CDATA[]]></shippingclass>
		<producttype><![CDATA[simple]]></producttype>
		<parent_sku><![CDATA[0]]></parent_sku>
		<productcategories><![CDATA[Mac>MacBook Air]]></productcategories>
		<producttags><![CDATA[]]></producttags>
		<status><![CDATA[publish]]></status>
		<author><![CDATA[1]]></author>
		<slug><![CDATA[macbook-air-13]]></slug>
		<format><![CDATA[]]></format>
		<template><![CDATA[]]></template>
		<parent><![CDATA[0]]></parent>
		<order><![CDATA[0]]></order>
		<permalink><![CDATA[http://plg2.bragin.ru/product/macbook-air-13/]]></permalink>
		<commentstatus><![CDATA[closed]]></commentstatus>
		<pingstatus><![CDATA[open]]></pingstatus>
		<downloadable><![CDATA[no]]></downloadable>
		<virtual><![CDATA[no]]></virtual>
		<purchasenote><![CDATA[]]></purchasenote>
		<featured><![CDATA[no]]></featured>
		<weight><![CDATA[]]></weight>
		<length><![CDATA[]]></length>
		<width><![CDATA[]]></width>
		<height><![CDATA[]]></height>
		<salepricedatesfrom><![CDATA[]]></salepricedatesfrom>
		<salepricedatesto><![CDATA[]]></salepricedatesto>
		<soldindividually><![CDATA[]]></soldindividually>
		<managestock><![CDATA[no]]></managestock>
		<upsellids><![CDATA[]]></upsellids>
		<crosssellids><![CDATA[]]></crosssellids>
		<downloadablefilespaths><![CDATA[]]></downloadablefilespaths>
		<downloadablefilesnames><![CDATA[]]></downloadablefilesnames>
		<downloadlimit><![CDATA[]]></downloadlimit>
		<downloadexpiry><![CDATA[]]></downloadexpiry>
		<downloadtype><![CDATA[]]></downloadtype>
		<buttontext><![CDATA[]]></buttontext>
		<backorders><![CDATA[no]]></backorders>
		<taxstatus><![CDATA[none]]></taxstatus>
		<taxclass><![CDATA[]]></taxclass>
		<productimagegallery><![CDATA[]]></productimagegallery>
		<defaultattributes><![CDATA[]]></defaultattributes>
		<productattributes><![CDATA[a:0:{}]]></productattributes>
		<productversion><![CDATA[]]></productversion>
	</node>
	<node>
		<id><![CDATA[41]]></id>
		<title><![CDATA[MacBook Pro 13]]></title>
		<content><![CDATA[Полное описание: full text

Маркетинг: Marketing Information

Техническое описание: Technical Information

<span style="line-height: 1.5;">ID - </span>10005]]></content>
		<excerpt><![CDATA[MacBook Pro 13]]></excerpt>
		<date><![CDATA[20151102]]></date>
		<posttype><![CDATA[product]]></posttype>
		<media_images><![CDATA[]]></media_images>
		<media_titles><![CDATA[]]></media_titles>
		<media_captions><![CDATA[]]></media_captions>
		<media_descriptions><![CDATA[]]></media_descriptions>
		<media_alts><![CDATA[]]></media_alts>
		<attachments_attachments><![CDATA[]]></attachments_attachments>
		<sku><![CDATA[10005]]></sku>
		<price><![CDATA[1]]></price>
		<regularprice><![CDATA[1]]></regularprice>
		<saleprice><![CDATA[1]]></saleprice>
		<stockstatus><![CDATA[instock]]></stockstatus>
		<stock><![CDATA[]]></stock>
		<visibility><![CDATA[visible]]></visibility>
		<producturl><![CDATA[]]></producturl>
		<totalsales><![CDATA[0]]></totalsales>
		<shippingclass><![CDATA[]]></shippingclass>
		<producttype><![CDATA[simple]]></producttype>
		<parent_sku><![CDATA[0]]></parent_sku>
		<productcategories><![CDATA[Mac>MacBook Pro]]></productcategories>
		<producttags><![CDATA[]]></producttags>
		<status><![CDATA[publish]]></status>
		<author><![CDATA[1]]></author>
		<slug><![CDATA[macbook-pro-13]]></slug>
		<format><![CDATA[]]></format>
		<template><![CDATA[]]></template>
		<parent><![CDATA[0]]></parent>
		<order><![CDATA[0]]></order>
		<permalink><![CDATA[http://plg2.bragin.ru/product/macbook-pro-13/]]></permalink>
		<commentstatus><![CDATA[closed]]></commentstatus>
		<pingstatus><![CDATA[open]]></pingstatus>
		<downloadable><![CDATA[no]]></downloadable>
		<virtual><![CDATA[no]]></virtual>
		<purchasenote><![CDATA[]]></purchasenote>
		<featured><![CDATA[no]]></featured>
		<weight><![CDATA[]]></weight>
		<length><![CDATA[]]></length>
		<width><![CDATA[]]></width>
		<height><![CDATA[]]></height>
		<salepricedatesfrom><![CDATA[]]></salepricedatesfrom>
		<salepricedatesto><![CDATA[]]></salepricedatesto>
		<soldindividually><![CDATA[]]></soldindividually>
		<managestock><![CDATA[no]]></managestock>
		<upsellids><![CDATA[]]></upsellids>
		<crosssellids><![CDATA[]]></crosssellids>
		<downloadablefilespaths><![CDATA[]]></downloadablefilespaths>
		<downloadablefilesnames><![CDATA[]]></downloadablefilesnames>
		<downloadlimit><![CDATA[]]></downloadlimit>
		<downloadexpiry><![CDATA[]]></downloadexpiry>
		<downloadtype><![CDATA[]]></downloadtype>
		<buttontext><![CDATA[]]></buttontext>
		<backorders><![CDATA[no]]></backorders>
		<taxstatus><![CDATA[none]]></taxstatus>
		<taxclass><![CDATA[]]></taxclass>
		<productimagegallery><![CDATA[]]></productimagegallery>
		<defaultattributes><![CDATA[]]></defaultattributes>
		<productattributes><![CDATA[a:0:{}]]></productattributes>
		<productversion><![CDATA[]]></productversion>
	</node>
	<node>
		<id><![CDATA[42]]></id>
		<title><![CDATA[Cinema Display 27"]]></title>
		<content><![CDATA[Полное описание: full text

Маркетинг: Marketing Information

Техническое описание: Technical Information

<span style="line-height: 1.5;">ID - </span>10006]]></content>
		<excerpt><![CDATA[Cinema Display 27"]]></excerpt>
		<date><![CDATA[20151102]]></date>
		<posttype><![CDATA[product]]></posttype>
		<media_images><![CDATA[]]></media_images>
		<media_titles><![CDATA[]]></media_titles>
		<media_captions><![CDATA[]]></media_captions>
		<media_descriptions><![CDATA[]]></media_descriptions>
		<media_alts><![CDATA[]]></media_alts>
		<attachments_attachments><![CDATA[]]></attachments_attachments>
		<sku><![CDATA[10006]]></sku>
		<price><![CDATA[1]]></price>
		<regularprice><![CDATA[1]]></regularprice>
		<saleprice><![CDATA[1]]></saleprice>
		<stockstatus><![CDATA[instock]]></stockstatus>
		<stock><![CDATA[]]></stock>
		<visibility><![CDATA[visible]]></visibility>
		<producturl><![CDATA[]]></producturl>
		<totalsales><![CDATA[0]]></totalsales>
		<shippingclass><![CDATA[]]></shippingclass>
		<producttype><![CDATA[simple]]></producttype>
		<parent_sku><![CDATA[0]]></parent_sku>
		<productcategories><![CDATA[Mac>Cinema Display]]></productcategories>
		<producttags><![CDATA[]]></producttags>
		<status><![CDATA[publish]]></status>
		<author><![CDATA[1]]></author>
		<slug><![CDATA[cinema-display-27]]></slug>
		<format><![CDATA[]]></format>
		<template><![CDATA[]]></template>
		<parent><![CDATA[0]]></parent>
		<order><![CDATA[0]]></order>
		<permalink><![CDATA[http://plg2.bragin.ru/product/cinema-display-27/]]></permalink>
		<commentstatus><![CDATA[closed]]></commentstatus>
		<pingstatus><![CDATA[open]]></pingstatus>
		<downloadable><![CDATA[no]]></downloadable>
		<virtual><![CDATA[no]]></virtual>
		<purchasenote><![CDATA[]]></purchasenote>
		<featured><![CDATA[no]]></featured>
		<weight><![CDATA[]]></weight>
		<length><![CDATA[]]></length>
		<width><![CDATA[]]></width>
		<height><![CDATA[]]></height>
		<salepricedatesfrom><![CDATA[]]></salepricedatesfrom>
		<salepricedatesto><![CDATA[]]></salepricedatesto>
		<soldindividually><![CDATA[]]></soldindividually>
		<managestock><![CDATA[no]]></managestock>
		<upsellids><![CDATA[]]></upsellids>
		<crosssellids><![CDATA[]]></crosssellids>
		<downloadablefilespaths><![CDATA[]]></downloadablefilespaths>
		<downloadablefilesnames><![CDATA[]]></downloadablefilesnames>
		<downloadlimit><![CDATA[]]></downloadlimit>
		<downloadexpiry><![CDATA[]]></downloadexpiry>
		<downloadtype><![CDATA[]]></downloadtype>
		<buttontext><![CDATA[]]></buttontext>
		<backorders><![CDATA[no]]></backorders>
		<taxstatus><![CDATA[none]]></taxstatus>
		<taxclass><![CDATA[]]></taxclass>
		<productimagegallery><![CDATA[]]></productimagegallery>
		<defaultattributes><![CDATA[]]></defaultattributes>
		<productattributes><![CDATA[a:0:{}]]></productattributes>
		<productversion><![CDATA[]]></productversion>
	</node>
	<node>
		<id><![CDATA[43]]></id>
		<title><![CDATA[Аудио 1]]></title>
		<content><![CDATA[Полное описание: full text

Маркетинг: Marketing Information

Техническое описание: Technical Information

<span style="line-height: 1.5;">ID - </span>10007]]></content>
		<excerpt><![CDATA[Аудио 1]]></excerpt>
		<date><![CDATA[20151102]]></date>
		<posttype><![CDATA[product]]></posttype>
		<media_images><![CDATA[]]></media_images>
		<media_titles><![CDATA[]]></media_titles>
		<media_captions><![CDATA[]]></media_captions>
		<media_descriptions><![CDATA[]]></media_descriptions>
		<media_alts><![CDATA[]]></media_alts>
		<attachments_attachments><![CDATA[]]></attachments_attachments>
		<sku><![CDATA[10007]]></sku>
		<price><![CDATA[1]]></price>
		<regularprice><![CDATA[1]]></regularprice>
		<saleprice><![CDATA[1]]></saleprice>
		<stockstatus><![CDATA[instock]]></stockstatus>
		<stock><![CDATA[]]></stock>
		<visibility><![CDATA[visible]]></visibility>
		<producturl><![CDATA[]]></producturl>
		<totalsales><![CDATA[0]]></totalsales>
		<shippingclass><![CDATA[]]></shippingclass>
		<producttype><![CDATA[simple]]></producttype>
		<parent_sku><![CDATA[0]]></parent_sku>
		<productcategories><![CDATA[Аксессуары>Аксессуары для Mac>Аудио и Музыка]]></productcategories>
		<producttags><![CDATA[]]></producttags>
		<status><![CDATA[publish]]></status>
		<author><![CDATA[1]]></author>
		<slug><![CDATA[%d0%b0%d1%83%d0%b4%d0%b8%d0%be-1]]></slug>
		<format><![CDATA[]]></format>
		<template><![CDATA[]]></template>
		<parent><![CDATA[0]]></parent>
		<order><![CDATA[0]]></order>
		<permalink><![CDATA[http://plg2.bragin.ru/product/%d0%b0%d1%83%d0%b4%d0%b8%d0%be-1/]]></permalink>
		<commentstatus><![CDATA[closed]]></commentstatus>
		<pingstatus><![CDATA[open]]></pingstatus>
		<downloadable><![CDATA[no]]></downloadable>
		<virtual><![CDATA[no]]></virtual>
		<purchasenote><![CDATA[]]></purchasenote>
		<featured><![CDATA[no]]></featured>
		<weight><![CDATA[]]></weight>
		<length><![CDATA[]]></length>
		<width><![CDATA[]]></width>
		<height><![CDATA[]]></height>
		<salepricedatesfrom><![CDATA[]]></salepricedatesfrom>
		<salepricedatesto><![CDATA[]]></salepricedatesto>
		<soldindividually><![CDATA[]]></soldindividually>
		<managestock><![CDATA[no]]></managestock>
		<upsellids><![CDATA[]]></upsellids>
		<crosssellids><![CDATA[]]></crosssellids>
		<downloadablefilespaths><![CDATA[]]></downloadablefilespaths>
		<downloadablefilesnames><![CDATA[]]></downloadablefilesnames>
		<downloadlimit><![CDATA[]]></downloadlimit>
		<downloadexpiry><![CDATA[]]></downloadexpiry>
		<downloadtype><![CDATA[]]></downloadtype>
		<buttontext><![CDATA[]]></buttontext>
		<backorders><![CDATA[no]]></backorders>
		<taxstatus><![CDATA[none]]></taxstatus>
		<taxclass><![CDATA[]]></taxclass>
		<productimagegallery><![CDATA[]]></productimagegallery>
		<defaultattributes><![CDATA[]]></defaultattributes>
		<productattributes><![CDATA[a:0:{}]]></productattributes>
		<productversion><![CDATA[]]></productversion>
	</node>
	<node>
		<id><![CDATA[44]]></id>
		<title><![CDATA[Бизнес 1]]></title>
		<content><![CDATA[Полное описание: full text

Маркетинг: Marketing Information

Техническое описание: Technical Information

<span style="line-height: 1.5;">ID - </span>10008]]></content>
		<excerpt><![CDATA[Бизнес 1]]></excerpt>
		<date><![CDATA[20151102]]></date>
		<posttype><![CDATA[product]]></posttype>
		<media_images><![CDATA[]]></media_images>
		<media_titles><![CDATA[]]></media_titles>
		<media_captions><![CDATA[]]></media_captions>
		<media_descriptions><![CDATA[]]></media_descriptions>
		<media_alts><![CDATA[]]></media_alts>
		<attachments_attachments><![CDATA[]]></attachments_attachments>
		<sku><![CDATA[10008]]></sku>
		<price><![CDATA[1]]></price>
		<regularprice><![CDATA[1]]></regularprice>
		<saleprice><![CDATA[1]]></saleprice>
		<stockstatus><![CDATA[instock]]></stockstatus>
		<stock><![CDATA[]]></stock>
		<visibility><![CDATA[visible]]></visibility>
		<producturl><![CDATA[]]></producturl>
		<totalsales><![CDATA[0]]></totalsales>
		<shippingclass><![CDATA[]]></shippingclass>
		<producttype><![CDATA[simple]]></producttype>
		<parent_sku><![CDATA[0]]></parent_sku>
		<productcategories><![CDATA[Аксессуары>Аксессуары для Mac>Бизнес]]></productcategories>
		<producttags><![CDATA[]]></producttags>
		<status><![CDATA[publish]]></status>
		<author><![CDATA[1]]></author>
		<slug><![CDATA[%d0%b1%d0%b8%d0%b7%d0%bd%d0%b5%d1%81-1]]></slug>
		<format><![CDATA[]]></format>
		<template><![CDATA[]]></template>
		<parent><![CDATA[0]]></parent>
		<order><![CDATA[0]]></order>
		<permalink><![CDATA[http://plg2.bragin.ru/product/%d0%b1%d0%b8%d0%b7%d0%bd%d0%b5%d1%81-1/]]></permalink>
		<commentstatus><![CDATA[closed]]></commentstatus>
		<pingstatus><![CDATA[open]]></pingstatus>
		<downloadable><![CDATA[no]]></downloadable>
		<virtual><![CDATA[no]]></virtual>
		<purchasenote><![CDATA[]]></purchasenote>
		<featured><![CDATA[no]]></featured>
		<weight><![CDATA[]]></weight>
		<length><![CDATA[]]></length>
		<width><![CDATA[]]></width>
		<height><![CDATA[]]></height>
		<salepricedatesfrom><![CDATA[]]></salepricedatesfrom>
		<salepricedatesto><![CDATA[]]></salepricedatesto>
		<soldindividually><![CDATA[]]></soldindividually>
		<managestock><![CDATA[no]]></managestock>
		<upsellids><![CDATA[]]></upsellids>
		<crosssellids><![CDATA[]]></crosssellids>
		<downloadablefilespaths><![CDATA[]]></downloadablefilespaths>
		<downloadablefilesnames><![CDATA[]]></downloadablefilesnames>
		<downloadlimit><![CDATA[]]></downloadlimit>
		<downloadexpiry><![CDATA[]]></downloadexpiry>
		<downloadtype><![CDATA[]]></downloadtype>
		<buttontext><![CDATA[]]></buttontext>
		<backorders><![CDATA[no]]></backorders>
		<taxstatus><![CDATA[none]]></taxstatus>
		<taxclass><![CDATA[]]></taxclass>
		<productimagegallery><![CDATA[]]></productimagegallery>
		<defaultattributes><![CDATA[]]></defaultattributes>
		<productattributes><![CDATA[a:0:{}]]></productattributes>
		<productversion><![CDATA[]]></productversion>
	</node>
	<node>
		<id><![CDATA[45]]></id>
		<title><![CDATA[Чехол 1]]></title>
		<content><![CDATA[Полное описание: full text

Маркетинг: Marketing Information

Техническое описание: Technical Information

<span style="line-height: 1.5;">ID - </span>10009]]></content>
		<excerpt><![CDATA[Чехол 1]]></excerpt>
		<date><![CDATA[20151102]]></date>
		<posttype><![CDATA[product]]></posttype>
		<media_images><![CDATA[]]></media_images>
		<media_titles><![CDATA[]]></media_titles>
		<media_captions><![CDATA[]]></media_captions>
		<media_descriptions><![CDATA[]]></media_descriptions>
		<media_alts><![CDATA[]]></media_alts>
		<attachments_attachments><![CDATA[]]></attachments_attachments>
		<sku><![CDATA[10009]]></sku>
		<price><![CDATA[1]]></price>
		<regularprice><![CDATA[1]]></regularprice>
		<saleprice><![CDATA[1]]></saleprice>
		<stockstatus><![CDATA[instock]]></stockstatus>
		<stock><![CDATA[]]></stock>
		<visibility><![CDATA[visible]]></visibility>
		<producturl><![CDATA[]]></producturl>
		<totalsales><![CDATA[0]]></totalsales>
		<shippingclass><![CDATA[]]></shippingclass>
		<producttype><![CDATA[simple]]></producttype>
		<parent_sku><![CDATA[0]]></parent_sku>
		<productcategories><![CDATA[Аксессуары>Аксессуары для Mac>Чехлы и Защита]]></productcategories>
		<producttags><![CDATA[]]></producttags>
		<status><![CDATA[publish]]></status>
		<author><![CDATA[1]]></author>
		<slug><![CDATA[%d1%87%d0%b5%d1%85%d0%be%d0%bb-1-2]]></slug>
		<format><![CDATA[]]></format>
		<template><![CDATA[]]></template>
		<parent><![CDATA[0]]></parent>
		<order><![CDATA[0]]></order>
		<permalink><![CDATA[http://plg2.bragin.ru/product/%d1%87%d0%b5%d1%85%d0%be%d0%bb-1-2/]]></permalink>
		<commentstatus><![CDATA[closed]]></commentstatus>
		<pingstatus><![CDATA[open]]></pingstatus>
		<downloadable><![CDATA[no]]></downloadable>
		<virtual><![CDATA[no]]></virtual>
		<purchasenote><![CDATA[]]></purchasenote>
		<featured><![CDATA[no]]></featured>
		<weight><![CDATA[]]></weight>
		<length><![CDATA[]]></length>
		<width><![CDATA[]]></width>
		<height><![CDATA[]]></height>
		<salepricedatesfrom><![CDATA[]]></salepricedatesfrom>
		<salepricedatesto><![CDATA[]]></salepricedatesto>
		<soldindividually><![CDATA[]]></soldindividually>
		<managestock><![CDATA[no]]></managestock>
		<upsellids><![CDATA[]]></upsellids>
		<crosssellids><![CDATA[]]></crosssellids>
		<downloadablefilespaths><![CDATA[]]></downloadablefilespaths>
		<downloadablefilesnames><![CDATA[]]></downloadablefilesnames>
		<downloadlimit><![CDATA[]]></downloadlimit>
		<downloadexpiry><![CDATA[]]></downloadexpiry>
		<downloadtype><![CDATA[]]></downloadtype>
		<buttontext><![CDATA[]]></buttontext>
		<backorders><![CDATA[no]]></backorders>
		<taxstatus><![CDATA[none]]></taxstatus>
		<taxclass><![CDATA[]]></taxclass>
		<productimagegallery><![CDATA[]]></productimagegallery>
		<defaultattributes><![CDATA[]]></defaultattributes>
		<productattributes><![CDATA[a:0:{}]]></productattributes>
		<productversion><![CDATA[]]></productversion>
	</node>
	<node>
		<id><![CDATA[46]]></id>
		<title><![CDATA[Клавиатура 1]]></title>
		<content><![CDATA[Полное описание: full text

Маркетинг: Marketing Information

Техническое описание: Technical Information

<span style="line-height: 1.5;">ID - </span>10010]]></content>
		<excerpt><![CDATA[Клавиатура 1]]></excerpt>
		<date><![CDATA[20151102]]></date>
		<posttype><![CDATA[product]]></posttype>
		<media_images><![CDATA[]]></media_images>
		<media_titles><![CDATA[]]></media_titles>
		<media_captions><![CDATA[]]></media_captions>
		<media_descriptions><![CDATA[]]></media_descriptions>
		<media_alts><![CDATA[]]></media_alts>
		<attachments_attachments><![CDATA[]]></attachments_attachments>
		<sku><![CDATA[10010]]></sku>
		<price><![CDATA[1]]></price>
		<regularprice><![CDATA[1]]></regularprice>
		<saleprice><![CDATA[1]]></saleprice>
		<stockstatus><![CDATA[instock]]></stockstatus>
		<stock><![CDATA[]]></stock>
		<visibility><![CDATA[visible]]></visibility>
		<producturl><![CDATA[]]></producturl>
		<totalsales><![CDATA[0]]></totalsales>
		<shippingclass><![CDATA[]]></shippingclass>
		<producttype><![CDATA[simple]]></producttype>
		<parent_sku><![CDATA[0]]></parent_sku>
		<productcategories><![CDATA[Аксессуары>Аксессуары для Mac>Клавиатуры]]></productcategories>
		<producttags><![CDATA[]]></producttags>
		<status><![CDATA[publish]]></status>
		<author><![CDATA[1]]></author>
		<slug><![CDATA[%d0%ba%d0%bb%d0%b0%d0%b2%d0%b8%d0%b0%d1%82%d1%83%d1%80%d0%b0-1]]></slug>
		<format><![CDATA[]]></format>
		<template><![CDATA[]]></template>
		<parent><![CDATA[0]]></parent>
		<order><![CDATA[0]]></order>
		<permalink><![CDATA[http://plg2.bragin.ru/product/%d0%ba%d0%bb%d0%b0%d0%b2%d0%b8%d0%b0%d1%82%d1%83%d1%80%d0%b0-1/]]></permalink>
		<commentstatus><![CDATA[closed]]></commentstatus>
		<pingstatus><![CDATA[open]]></pingstatus>
		<downloadable><![CDATA[no]]></downloadable>
		<virtual><![CDATA[no]]></virtual>
		<purchasenote><![CDATA[]]></purchasenote>
		<featured><![CDATA[no]]></featured>
		<weight><![CDATA[]]></weight>
		<length><![CDATA[]]></length>
		<width><![CDATA[]]></width>
		<height><![CDATA[]]></height>
		<salepricedatesfrom><![CDATA[]]></salepricedatesfrom>
		<salepricedatesto><![CDATA[]]></salepricedatesto>
		<soldindividually><![CDATA[]]></soldindividually>
		<managestock><![CDATA[no]]></managestock>
		<upsellids><![CDATA[]]></upsellids>
		<crosssellids><![CDATA[]]></crosssellids>
		<downloadablefilespaths><![CDATA[]]></downloadablefilespaths>
		<downloadablefilesnames><![CDATA[]]></downloadablefilesnames>
		<downloadlimit><![CDATA[]]></downloadlimit>
		<downloadexpiry><![CDATA[]]></downloadexpiry>
		<downloadtype><![CDATA[]]></downloadtype>
		<buttontext><![CDATA[]]></buttontext>
		<backorders><![CDATA[no]]></backorders>
		<taxstatus><![CDATA[none]]></taxstatus>
		<taxclass><![CDATA[]]></taxclass>
		<productimagegallery><![CDATA[]]></productimagegallery>
		<defaultattributes><![CDATA[]]></defaultattributes>
		<productattributes><![CDATA[a:0:{}]]></productattributes>
		<productversion><![CDATA[]]></productversion>
	</node>
	<node>
		<id><![CDATA[47]]></id>
		<title><![CDATA[Кабель 1]]></title>
		<content><![CDATA[Полное описание: full text

Маркетинг: Marketing Information

Техническое описание: Technical Information

<span style="line-height: 1.5;">ID - </span>10011]]></content>
		<excerpt><![CDATA[Кабель 1]]></excerpt>
		<date><![CDATA[20151102]]></date>
		<posttype><![CDATA[product]]></posttype>
		<media_images><![CDATA[]]></media_images>
		<media_titles><![CDATA[]]></media_titles>
		<media_captions><![CDATA[]]></media_captions>
		<media_descriptions><![CDATA[]]></media_descriptions>
		<media_alts><![CDATA[]]></media_alts>
		<attachments_attachments><![CDATA[]]></attachments_attachments>
		<sku><![CDATA[10011]]></sku>
		<price><![CDATA[1]]></price>
		<regularprice><![CDATA[1]]></regularprice>
		<saleprice><![CDATA[1]]></saleprice>
		<stockstatus><![CDATA[instock]]></stockstatus>
		<stock><![CDATA[]]></stock>
		<visibility><![CDATA[visible]]></visibility>
		<producturl><![CDATA[]]></producturl>
		<totalsales><![CDATA[0]]></totalsales>
		<shippingclass><![CDATA[]]></shippingclass>
		<producttype><![CDATA[simple]]></producttype>
		<parent_sku><![CDATA[0]]></parent_sku>
		<productcategories><![CDATA[Аксессуары>Аксессуары для Mac>Кабели и зарядки]]></productcategories>
		<producttags><![CDATA[]]></producttags>
		<status><![CDATA[publish]]></status>
		<author><![CDATA[1]]></author>
		<slug><![CDATA[%d0%ba%d0%b0%d0%b1%d0%b5%d0%bb%d1%8c-1]]></slug>
		<format><![CDATA[]]></format>
		<template><![CDATA[]]></template>
		<parent><![CDATA[0]]></parent>
		<order><![CDATA[0]]></order>
		<permalink><![CDATA[http://plg2.bragin.ru/product/%d0%ba%d0%b0%d0%b1%d0%b5%d0%bb%d1%8c-1/]]></permalink>
		<commentstatus><![CDATA[closed]]></commentstatus>
		<pingstatus><![CDATA[open]]></pingstatus>
		<downloadable><![CDATA[no]]></downloadable>
		<virtual><![CDATA[no]]></virtual>
		<purchasenote><![CDATA[]]></purchasenote>
		<featured><![CDATA[no]]></featured>
		<weight><![CDATA[]]></weight>
		<length><![CDATA[]]></length>
		<width><![CDATA[]]></width>
		<height><![CDATA[]]></height>
		<salepricedatesfrom><![CDATA[]]></salepricedatesfrom>
		<salepricedatesto><![CDATA[]]></salepricedatesto>
		<soldindividually><![CDATA[]]></soldindividually>
		<managestock><![CDATA[no]]></managestock>
		<upsellids><![CDATA[]]></upsellids>
		<crosssellids><![CDATA[]]></crosssellids>
		<downloadablefilespaths><![CDATA[]]></downloadablefilespaths>
		<downloadablefilesnames><![CDATA[]]></downloadablefilesnames>
		<downloadlimit><![CDATA[]]></downloadlimit>
		<downloadexpiry><![CDATA[]]></downloadexpiry>
		<downloadtype><![CDATA[]]></downloadtype>
		<buttontext><![CDATA[]]></buttontext>
		<backorders><![CDATA[no]]></backorders>
		<taxstatus><![CDATA[none]]></taxstatus>
		<taxclass><![CDATA[]]></taxclass>
		<productimagegallery><![CDATA[]]></productimagegallery>
		<defaultattributes><![CDATA[]]></defaultattributes>
		<productattributes><![CDATA[a:0:{}]]></productattributes>
		<productversion><![CDATA[]]></productversion>
	</node>
	<node>
		<id><![CDATA[48]]></id>
		<title><![CDATA[Подставка 1]]></title>
		<content><![CDATA[Полное описание: full text

Маркетинг: Marketing Information

Техническое описание: Technical Information

<span style="line-height: 1.5;">ID - </span>10012]]></content>
		<excerpt><![CDATA[Подставка 1]]></excerpt>
		<date><![CDATA[20151102]]></date>
		<posttype><![CDATA[product]]></posttype>
		<media_images><![CDATA[]]></media_images>
		<media_titles><![CDATA[]]></media_titles>
		<media_captions><![CDATA[]]></media_captions>
		<media_descriptions><![CDATA[]]></media_descriptions>
		<media_alts><![CDATA[]]></media_alts>
		<attachments_attachments><![CDATA[]]></attachments_attachments>
		<sku><![CDATA[10012]]></sku>
		<price><![CDATA[1]]></price>
		<regularprice><![CDATA[1]]></regularprice>
		<saleprice><![CDATA[1]]></saleprice>
		<stockstatus><![CDATA[instock]]></stockstatus>
		<stock><![CDATA[]]></stock>
		<visibility><![CDATA[visible]]></visibility>
		<producturl><![CDATA[]]></producturl>
		<totalsales><![CDATA[0]]></totalsales>
		<shippingclass><![CDATA[]]></shippingclass>
		<producttype><![CDATA[simple]]></producttype>
		<parent_sku><![CDATA[0]]></parent_sku>
		<productcategories><![CDATA[Аксессуары>Аксессуары для Mac>Дисплеи и подставки]]></productcategories>
		<producttags><![CDATA[]]></producttags>
		<status><![CDATA[publish]]></status>
		<author><![CDATA[1]]></author>
		<slug><![CDATA[%d0%bf%d0%be%d0%b4%d1%81%d1%82%d0%b0%d0%b2%d0%ba%d0%b0-1]]></slug>
		<format><![CDATA[]]></format>
		<template><![CDATA[]]></template>
		<parent><![CDATA[0]]></parent>
		<order><![CDATA[0]]></order>
		<permalink><![CDATA[http://plg2.bragin.ru/product/%d0%bf%d0%be%d0%b4%d1%81%d1%82%d0%b0%d0%b2%d0%ba%d0%b0-1/]]></permalink>
		<commentstatus><![CDATA[closed]]></commentstatus>
		<pingstatus><![CDATA[open]]></pingstatus>
		<downloadable><![CDATA[no]]></downloadable>
		<virtual><![CDATA[no]]></virtual>
		<purchasenote><![CDATA[]]></purchasenote>
		<featured><![CDATA[no]]></featured>
		<weight><![CDATA[]]></weight>
		<length><![CDATA[]]></length>
		<width><![CDATA[]]></width>
		<height><![CDATA[]]></height>
		<salepricedatesfrom><![CDATA[]]></salepricedatesfrom>
		<salepricedatesto><![CDATA[]]></salepricedatesto>
		<soldindividually><![CDATA[]]></soldindividually>
		<managestock><![CDATA[no]]></managestock>
		<upsellids><![CDATA[]]></upsellids>
		<crosssellids><![CDATA[]]></crosssellids>
		<downloadablefilespaths><![CDATA[]]></downloadablefilespaths>
		<downloadablefilesnames><![CDATA[]]></downloadablefilesnames>
		<downloadlimit><![CDATA[]]></downloadlimit>
		<downloadexpiry><![CDATA[]]></downloadexpiry>
		<downloadtype><![CDATA[]]></downloadtype>
		<buttontext><![CDATA[]]></buttontext>
		<backorders><![CDATA[no]]></backorders>
		<taxstatus><![CDATA[none]]></taxstatus>
		<taxclass><![CDATA[]]></taxclass>
		<productimagegallery><![CDATA[]]></productimagegallery>
		<defaultattributes><![CDATA[]]></defaultattributes>
		<productattributes><![CDATA[a:0:{}]]></productattributes>
		<productversion><![CDATA[]]></productversion>
	</node>
	<node>
		<id><![CDATA[49]]></id>
		<title><![CDATA[Сеть-Телеком 1]]></title>
		<content><![CDATA[Полное описание: full text

Маркетинг: Marketing Information

Техническое описание: Technical Information

<span style="line-height: 1.5;">ID - </span>10013]]></content>
		<excerpt><![CDATA[Сеть-Телеком 1]]></excerpt>
		<date><![CDATA[20151102]]></date>
		<posttype><![CDATA[product]]></posttype>
		<media_images><![CDATA[]]></media_images>
		<media_titles><![CDATA[]]></media_titles>
		<media_captions><![CDATA[]]></media_captions>
		<media_descriptions><![CDATA[]]></media_descriptions>
		<media_alts><![CDATA[]]></media_alts>
		<attachments_attachments><![CDATA[]]></attachments_attachments>
		<sku><![CDATA[10013]]></sku>
		<price><![CDATA[1]]></price>
		<regularprice><![CDATA[1]]></regularprice>
		<saleprice><![CDATA[1]]></saleprice>
		<stockstatus><![CDATA[instock]]></stockstatus>
		<stock><![CDATA[]]></stock>
		<visibility><![CDATA[visible]]></visibility>
		<producturl><![CDATA[]]></producturl>
		<totalsales><![CDATA[0]]></totalsales>
		<shippingclass><![CDATA[]]></shippingclass>
		<producttype><![CDATA[simple]]></producttype>
		<parent_sku><![CDATA[0]]></parent_sku>
		<productcategories><![CDATA[Аксессуары>Аксессуары для Mac>Сеть-Телеком]]></productcategories>
		<producttags><![CDATA[]]></producttags>
		<status><![CDATA[publish]]></status>
		<author><![CDATA[1]]></author>
		<slug><![CDATA[%d1%81%d0%b5%d1%82%d1%8c-%d1%82%d0%b5%d0%bb%d0%b5%d0%ba%d0%be%d0%bc-1]]></slug>
		<format><![CDATA[]]></format>
		<template><![CDATA[]]></template>
		<parent><![CDATA[0]]></parent>
		<order><![CDATA[0]]></order>
		<permalink><![CDATA[http://plg2.bragin.ru/product/%d1%81%d0%b5%d1%82%d1%8c-%d1%82%d0%b5%d0%bb%d0%b5%d0%ba%d0%be%d0%bc-1/]]></permalink>
		<commentstatus><![CDATA[closed]]></commentstatus>
		<pingstatus><![CDATA[open]]></pingstatus>
		<downloadable><![CDATA[no]]></downloadable>
		<virtual><![CDATA[no]]></virtual>
		<purchasenote><![CDATA[]]></purchasenote>
		<featured><![CDATA[no]]></featured>
		<weight><![CDATA[]]></weight>
		<length><![CDATA[]]></length>
		<width><![CDATA[]]></width>
		<height><![CDATA[]]></height>
		<salepricedatesfrom><![CDATA[]]></salepricedatesfrom>
		<salepricedatesto><![CDATA[]]></salepricedatesto>
		<soldindividually><![CDATA[]]></soldindividually>
		<managestock><![CDATA[no]]></managestock>
		<upsellids><![CDATA[]]></upsellids>
		<crosssellids><![CDATA[]]></crosssellids>
		<downloadablefilespaths><![CDATA[]]></downloadablefilespaths>
		<downloadablefilesnames><![CDATA[]]></downloadablefilesnames>
		<downloadlimit><![CDATA[]]></downloadlimit>
		<downloadexpiry><![CDATA[]]></downloadexpiry>
		<downloadtype><![CDATA[]]></downloadtype>
		<buttontext><![CDATA[]]></buttontext>
		<backorders><![CDATA[no]]></backorders>
		<taxstatus><![CDATA[none]]></taxstatus>
		<taxclass><![CDATA[]]></taxclass>
		<productimagegallery><![CDATA[]]></productimagegallery>
		<defaultattributes><![CDATA[]]></defaultattributes>
		<productattributes><![CDATA[a:0:{}]]></productattributes>
		<productversion><![CDATA[]]></productversion>
	</node>
	<node>
		<id><![CDATA[50]]></id>
		<title><![CDATA[TV 1]]></title>
		<content><![CDATA[Полное описание: full text

Маркетинг: Marketing Information

Техническое описание: Technical Information

<span style="line-height: 1.5;">ID - </span>10014]]></content>
		<excerpt><![CDATA[TV 1]]></excerpt>
		<date><![CDATA[20151102]]></date>
		<posttype><![CDATA[product]]></posttype>
		<media_images><![CDATA[]]></media_images>
		<media_titles><![CDATA[]]></media_titles>
		<media_captions><![CDATA[]]></media_captions>
		<media_descriptions><![CDATA[]]></media_descriptions>
		<media_alts><![CDATA[]]></media_alts>
		<attachments_attachments><![CDATA[]]></attachments_attachments>
		<sku><![CDATA[10014]]></sku>
		<price><![CDATA[1]]></price>
		<regularprice><![CDATA[1]]></regularprice>
		<saleprice><![CDATA[1]]></saleprice>
		<stockstatus><![CDATA[instock]]></stockstatus>
		<stock><![CDATA[]]></stock>
		<visibility><![CDATA[visible]]></visibility>
		<producturl><![CDATA[]]></producturl>
		<totalsales><![CDATA[0]]></totalsales>
		<shippingclass><![CDATA[]]></shippingclass>
		<producttype><![CDATA[simple]]></producttype>
		<parent_sku><![CDATA[0]]></parent_sku>
		<productcategories><![CDATA[Аксессуары>Аксессуары для Mac>TV]]></productcategories>
		<producttags><![CDATA[]]></producttags>
		<status><![CDATA[publish]]></status>
		<author><![CDATA[1]]></author>
		<slug><![CDATA[tv-1]]></slug>
		<format><![CDATA[]]></format>
		<template><![CDATA[]]></template>
		<parent><![CDATA[0]]></parent>
		<order><![CDATA[0]]></order>
		<permalink><![CDATA[http://plg2.bragin.ru/product/tv-1/]]></permalink>
		<commentstatus><![CDATA[closed]]></commentstatus>
		<pingstatus><![CDATA[open]]></pingstatus>
		<downloadable><![CDATA[no]]></downloadable>
		<virtual><![CDATA[no]]></virtual>
		<purchasenote><![CDATA[]]></purchasenote>
		<featured><![CDATA[no]]></featured>
		<weight><![CDATA[]]></weight>
		<length><![CDATA[]]></length>
		<width><![CDATA[]]></width>
		<height><![CDATA[]]></height>
		<salepricedatesfrom><![CDATA[]]></salepricedatesfrom>
		<salepricedatesto><![CDATA[]]></salepricedatesto>
		<soldindividually><![CDATA[]]></soldindividually>
		<managestock><![CDATA[no]]></managestock>
		<upsellids><![CDATA[]]></upsellids>
		<crosssellids><![CDATA[]]></crosssellids>
		<downloadablefilespaths><![CDATA[]]></downloadablefilespaths>
		<downloadablefilesnames><![CDATA[]]></downloadablefilesnames>
		<downloadlimit><![CDATA[]]></downloadlimit>
		<downloadexpiry><![CDATA[]]></downloadexpiry>
		<downloadtype><![CDATA[]]></downloadtype>
		<buttontext><![CDATA[]]></buttontext>
		<backorders><![CDATA[no]]></backorders>
		<taxstatus><![CDATA[none]]></taxstatus>
		<taxclass><![CDATA[]]></taxclass>
		<productimagegallery><![CDATA[]]></productimagegallery>
		<defaultattributes><![CDATA[]]></defaultattributes>
		<productattributes><![CDATA[a:0:{}]]></productattributes>
		<productversion><![CDATA[]]></productversion>
	</node>
	<node>
		<id><![CDATA[51]]></id>
		<title><![CDATA[Кабель Apple Dock Connector to USB Cable]]></title>
		<content><![CDATA[Полное описание: Кабель Apple Apple Dock Connector to USB Cable Кабель USB для подключения плеера iPod к компьютеру (для зарядки и синхронизации) #13470

Маркетинг: Dock Connector to USB Cable используется для зарядки устройств iPhone и iPod, а также для их синхронизации с Apple Mac или PC. Используйте кабель USB 2.0 для подключения iPhone или iPod (напрямую или через док-станцию) к порту USB компьютера для синхронизации или подзарядки, либо к адаптеру питания Apple USB для подзарядки от розетки питания. Используйте кабель для iPhone и для всех моделей iPod, имеющих соответствующий разъём.

Техническое описание: USB 2.0 Совместимость iPod, iPad или iPhone с 30-пиновым разъемом.

<span style="line-height: 1.5;">ID - </span>13470]]></content>
		<excerpt><![CDATA[Кабель Apple Dock Connector to USB Cable]]></excerpt>
		<date><![CDATA[20151102]]></date>
		<posttype><![CDATA[product]]></posttype>
		<media_images><![CDATA[http://plg2.bragin.ru/wp-content/uploads/2015/11/13470.jpg]]></media_images>
		<media_titles><![CDATA[13470.jpg]]></media_titles>
		<media_captions><![CDATA[]]></media_captions>
		<media_descriptions><![CDATA[]]></media_descriptions>
		<media_alts><![CDATA[]]></media_alts>
		<attachments_attachments><![CDATA[]]></attachments_attachments>
		<sku><![CDATA[13470]]></sku>
		<price><![CDATA[1590]]></price>
		<regularprice><![CDATA[1590]]></regularprice>
		<saleprice><![CDATA[1590]]></saleprice>
		<stockstatus><![CDATA[instock]]></stockstatus>
		<stock><![CDATA[]]></stock>
		<visibility><![CDATA[visible]]></visibility>
		<producturl><![CDATA[]]></producturl>
		<totalsales><![CDATA[0]]></totalsales>
		<shippingclass><![CDATA[]]></shippingclass>
		<producttype><![CDATA[simple]]></producttype>
		<parent_sku><![CDATA[0]]></parent_sku>
		<productcategories><![CDATA[Аксессуары iDevice>адаптеры|Аксессуары iDevice>Кабели|Аксессуары iDevice>переходники]]></productcategories>
		<producttags><![CDATA[]]></producttags>
		<status><![CDATA[publish]]></status>
		<author><![CDATA[1]]></author>
		<slug><![CDATA[%d0%ba%d0%b0%d0%b1%d0%b5%d0%bb%d1%8c-apple-dock-connector-to-usb-cable]]></slug>
		<format><![CDATA[]]></format>
		<template><![CDATA[]]></template>
		<parent><![CDATA[0]]></parent>
		<order><![CDATA[0]]></order>
		<permalink><![CDATA[http://plg2.bragin.ru/product/%d0%ba%d0%b0%d0%b1%d0%b5%d0%bb%d1%8c-apple-dock-connector-to-usb-cable/]]></permalink>
		<commentstatus><![CDATA[closed]]></commentstatus>
		<pingstatus><![CDATA[open]]></pingstatus>
		<downloadable><![CDATA[no]]></downloadable>
		<virtual><![CDATA[no]]></virtual>
		<purchasenote><![CDATA[]]></purchasenote>
		<featured><![CDATA[no]]></featured>
		<weight><![CDATA[]]></weight>
		<length><![CDATA[]]></length>
		<width><![CDATA[]]></width>
		<height><![CDATA[]]></height>
		<salepricedatesfrom><![CDATA[]]></salepricedatesfrom>
		<salepricedatesto><![CDATA[]]></salepricedatesto>
		<soldindividually><![CDATA[]]></soldindividually>
		<managestock><![CDATA[no]]></managestock>
		<upsellids><![CDATA[]]></upsellids>
		<crosssellids><![CDATA[]]></crosssellids>
		<downloadablefilespaths><![CDATA[]]></downloadablefilespaths>
		<downloadablefilesnames><![CDATA[]]></downloadablefilesnames>
		<downloadlimit><![CDATA[]]></downloadlimit>
		<downloadexpiry><![CDATA[]]></downloadexpiry>
		<downloadtype><![CDATA[]]></downloadtype>
		<buttontext><![CDATA[]]></buttontext>
		<backorders><![CDATA[no]]></backorders>
		<taxstatus><![CDATA[none]]></taxstatus>
		<taxclass><![CDATA[]]></taxclass>
		<productimagegallery><![CDATA[]]></productimagegallery>
		<defaultattributes><![CDATA[]]></defaultattributes>
		<productattributes><![CDATA[a:0:{}]]></productattributes>
		<productversion><![CDATA[]]></productversion>
	</node>
	<node>
		<id><![CDATA[53]]></id>
		<title><![CDATA[Кабель Apple iPod shuffle USB Cable]]></title>
		<content><![CDATA[Полное описание: Кабель Apple Apple iPod shuffle USB Cable Кабель для подключения iPod Shuffle 3/4 к компьютеру. В комплекте 2 кабеля (5 см и 1 м). #13745

Маркетинг: 

Техническое описание: 

<span style="line-height: 1.5;">ID - </span>13745]]></content>
		<excerpt><![CDATA[Кабель Apple iPod shuffle USB Cable]]></excerpt>
		<date><![CDATA[20151102]]></date>
		<posttype><![CDATA[product]]></posttype>
		<media_images><![CDATA[http://plg2.bragin.ru/wp-content/uploads/2015/11/13745.jpg]]></media_images>
		<media_titles><![CDATA[13745.jpg]]></media_titles>
		<media_captions><![CDATA[]]></media_captions>
		<media_descriptions><![CDATA[]]></media_descriptions>
		<media_alts><![CDATA[]]></media_alts>
		<attachments_attachments><![CDATA[]]></attachments_attachments>
		<sku><![CDATA[13745]]></sku>
		<price><![CDATA[1590]]></price>
		<regularprice><![CDATA[1590]]></regularprice>
		<saleprice><![CDATA[1590]]></saleprice>
		<stockstatus><![CDATA[instock]]></stockstatus>
		<stock><![CDATA[]]></stock>
		<visibility><![CDATA[visible]]></visibility>
		<producturl><![CDATA[]]></producturl>
		<totalsales><![CDATA[0]]></totalsales>
		<shippingclass><![CDATA[]]></shippingclass>
		<producttype><![CDATA[simple]]></producttype>
		<parent_sku><![CDATA[0]]></parent_sku>
		<productcategories><![CDATA[Аксессуары iDevice>адаптеры|Аксессуары iDevice>Кабели|Аксессуары iDevice>переходники]]></productcategories>
		<producttags><![CDATA[]]></producttags>
		<status><![CDATA[publish]]></status>
		<author><![CDATA[1]]></author>
		<slug><![CDATA[%d0%ba%d0%b0%d0%b1%d0%b5%d0%bb%d1%8c-apple-ipod-shuffle-usb-cable]]></slug>
		<format><![CDATA[]]></format>
		<template><![CDATA[]]></template>
		<parent><![CDATA[0]]></parent>
		<order><![CDATA[0]]></order>
		<permalink><![CDATA[http://plg2.bragin.ru/product/%d0%ba%d0%b0%d0%b1%d0%b5%d0%bb%d1%8c-apple-ipod-shuffle-usb-cable/]]></permalink>
		<commentstatus><![CDATA[closed]]></commentstatus>
		<pingstatus><![CDATA[open]]></pingstatus>
		<downloadable><![CDATA[no]]></downloadable>
		<virtual><![CDATA[no]]></virtual>
		<purchasenote><![CDATA[]]></purchasenote>
		<featured><![CDATA[no]]></featured>
		<weight><![CDATA[]]></weight>
		<length><![CDATA[]]></length>
		<width><![CDATA[]]></width>
		<height><![CDATA[]]></height>
		<salepricedatesfrom><![CDATA[]]></salepricedatesfrom>
		<salepricedatesto><![CDATA[]]></salepricedatesto>
		<soldindividually><![CDATA[]]></soldindividually>
		<managestock><![CDATA[no]]></managestock>
		<upsellids><![CDATA[]]></upsellids>
		<crosssellids><![CDATA[]]></crosssellids>
		<downloadablefilespaths><![CDATA[]]></downloadablefilespaths>
		<downloadablefilesnames><![CDATA[]]></downloadablefilesnames>
		<downloadlimit><![CDATA[]]></downloadlimit>
		<downloadexpiry><![CDATA[]]></downloadexpiry>
		<downloadtype><![CDATA[]]></downloadtype>
		<buttontext><![CDATA[]]></buttontext>
		<backorders><![CDATA[no]]></backorders>
		<taxstatus><![CDATA[none]]></taxstatus>
		<taxclass><![CDATA[]]></taxclass>
		<productimagegallery><![CDATA[]]></productimagegallery>
		<defaultattributes><![CDATA[]]></defaultattributes>
		<productattributes><![CDATA[a:0:{}]]></productattributes>
		<productversion><![CDATA[]]></productversion>
	</node>
	<node>
		<id><![CDATA[55]]></id>
		<title><![CDATA[Подставка Lounge Deluxe Dashboard and Desktop Stand]]></title>
		<content><![CDATA[Полное описание: Подставка Just Mobile Lounge Deluxe Dashboard and Desktop Stand Подставка для iPhone 4/3GS и iPod touch для стола #14208

Маркетинг: 

Техническое описание: 

<span style="line-height: 1.5;">ID - </span>14208]]></content>
		<excerpt><![CDATA[Подставка Lounge Deluxe Dashboard and Desktop Stand]]></excerpt>
		<date><![CDATA[20151102]]></date>
		<posttype><![CDATA[product]]></posttype>
		<media_images><![CDATA[http://plg2.bragin.ru/wp-content/uploads/2015/11/14208.jpg]]></media_images>
		<media_titles><![CDATA[14208.jpg]]></media_titles>
		<media_captions><![CDATA[]]></media_captions>
		<media_descriptions><![CDATA[]]></media_descriptions>
		<media_alts><![CDATA[]]></media_alts>
		<attachments_attachments><![CDATA[]]></attachments_attachments>
		<sku><![CDATA[14208]]></sku>
		<price><![CDATA[1500]]></price>
		<regularprice><![CDATA[1500]]></regularprice>
		<saleprice><![CDATA[1500]]></saleprice>
		<stockstatus><![CDATA[instock]]></stockstatus>
		<stock><![CDATA[]]></stock>
		<visibility><![CDATA[visible]]></visibility>
		<producturl><![CDATA[]]></producturl>
		<totalsales><![CDATA[0]]></totalsales>
		<shippingclass><![CDATA[]]></shippingclass>
		<producttype><![CDATA[simple]]></producttype>
		<parent_sku><![CDATA[0]]></parent_sku>
		<productcategories><![CDATA[Аксессуары iDevice>держатели|Аксессуары iDevice>диски|Аксессуары iDevice>Подставки]]></productcategories>
		<producttags><![CDATA[]]></producttags>
		<status><![CDATA[publish]]></status>
		<author><![CDATA[1]]></author>
		<slug><![CDATA[%d0%bf%d0%be%d0%b4%d1%81%d1%82%d0%b0%d0%b2%d0%ba%d0%b0-lounge-deluxe-dashboard-and-desktop-stand]]></slug>
		<format><![CDATA[]]></format>
		<template><![CDATA[]]></template>
		<parent><![CDATA[0]]></parent>
		<order><![CDATA[0]]></order>
		<permalink><![CDATA[http://plg2.bragin.ru/product/%d0%bf%d0%be%d0%b4%d1%81%d1%82%d0%b0%d0%b2%d0%ba%d0%b0-lounge-deluxe-dashboard-and-desktop-stand/]]></permalink>
		<commentstatus><![CDATA[closed]]></commentstatus>
		<pingstatus><![CDATA[open]]></pingstatus>
		<downloadable><![CDATA[no]]></downloadable>
		<virtual><![CDATA[no]]></virtual>
		<purchasenote><![CDATA[]]></purchasenote>
		<featured><![CDATA[no]]></featured>
		<weight><![CDATA[]]></weight>
		<length><![CDATA[]]></length>
		<width><![CDATA[]]></width>
		<height><![CDATA[]]></height>
		<salepricedatesfrom><![CDATA[]]></salepricedatesfrom>
		<salepricedatesto><![CDATA[]]></salepricedatesto>
		<soldindividually><![CDATA[]]></soldindividually>
		<managestock><![CDATA[no]]></managestock>
		<upsellids><![CDATA[]]></upsellids>
		<crosssellids><![CDATA[]]></crosssellids>
		<downloadablefilespaths><![CDATA[]]></downloadablefilespaths>
		<downloadablefilesnames><![CDATA[]]></downloadablefilesnames>
		<downloadlimit><![CDATA[]]></downloadlimit>
		<downloadexpiry><![CDATA[]]></downloadexpiry>
		<downloadtype><![CDATA[]]></downloadtype>
		<buttontext><![CDATA[]]></buttontext>
		<backorders><![CDATA[no]]></backorders>
		<taxstatus><![CDATA[none]]></taxstatus>
		<taxclass><![CDATA[]]></taxclass>
		<productimagegallery><![CDATA[]]></productimagegallery>
		<defaultattributes><![CDATA[]]></defaultattributes>
		<productattributes><![CDATA[a:0:{}]]></productattributes>
		<productversion><![CDATA[]]></productversion>
	</node>
	<node>
		<id><![CDATA[57]]></id>
		<title><![CDATA[Автомобильная зарядка Auto Charger MicroCharge 2.1 amp + ChargeSync - ID - 14279]]></title>
		<content><![CDATA[Полное описание: Автомобильная зарядка Belkin Auto Charger MicroCharge 2.1 amp + ChargeSync Зарядка iPod, iPhone и iPad с 90см кабелем, 2.1A #14279

Маркетинг: 

Техническое описание: 

<span style="line-height: 1.5;">ID - </span>14279]]></content>
		<excerpt><![CDATA[Автомобильная зарядка Auto Charger MicroCharge 2.1 amp + ChargeSync]]></excerpt>
		<date><![CDATA[20151102]]></date>
		<posttype><![CDATA[product]]></posttype>
		<media_images><![CDATA[http://plg2.bragin.ru/wp-content/uploads/2015/11/14279.jpg]]></media_images>
		<media_titles><![CDATA[14279.jpg]]></media_titles>
		<media_captions><![CDATA[]]></media_captions>
		<media_descriptions><![CDATA[]]></media_descriptions>
		<media_alts><![CDATA[]]></media_alts>
		<attachments_attachments><![CDATA[]]></attachments_attachments>
		<sku><![CDATA[14279]]></sku>
		<price><![CDATA[1390]]></price>
		<regularprice><![CDATA[1390]]></regularprice>
		<saleprice><![CDATA[1390]]></saleprice>
		<stockstatus><![CDATA[instock]]></stockstatus>
		<stock><![CDATA[]]></stock>
		<visibility><![CDATA[visible]]></visibility>
		<producturl><![CDATA[]]></producturl>
		<totalsales><![CDATA[0]]></totalsales>
		<shippingclass><![CDATA[]]></shippingclass>
		<producttype><![CDATA[simple]]></producttype>
		<parent_sku><![CDATA[0]]></parent_sku>
		<productcategories><![CDATA[Аксессуары iDevice>Аксессуары в АВТО]]></productcategories>
		<producttags><![CDATA[]]></producttags>
		<status><![CDATA[publish]]></status>
		<author><![CDATA[1]]></author>
		<slug><![CDATA[%d0%b0%d0%b2%d1%82%d0%be%d0%bc%d0%be%d0%b1%d0%b8%d0%bb%d1%8c%d0%bd%d0%b0%d1%8f-%d0%b7%d0%b0%d1%80%d1%8f%d0%b4%d0%ba%d0%b0-auto-charger-microcharge-2-1-amp-chargesync-id-14279]]></slug>
		<format><![CDATA[]]></format>
		<template><![CDATA[]]></template>
		<parent><![CDATA[0]]></parent>
		<order><![CDATA[0]]></order>
		<permalink><![CDATA[http://plg2.bragin.ru/product/%d0%b0%d0%b2%d1%82%d0%be%d0%bc%d0%be%d0%b1%d0%b8%d0%bb%d1%8c%d0%bd%d0%b0%d1%8f-%d0%b7%d0%b0%d1%80%d1%8f%d0%b4%d0%ba%d0%b0-auto-charger-microcharge-2-1-amp-chargesync-id-14279/]]></permalink>
		<commentstatus><![CDATA[closed]]></commentstatus>
		<pingstatus><![CDATA[open]]></pingstatus>
		<downloadable><![CDATA[no]]></downloadable>
		<virtual><![CDATA[no]]></virtual>
		<purchasenote><![CDATA[]]></purchasenote>
		<featured><![CDATA[no]]></featured>
		<weight><![CDATA[]]></weight>
		<length><![CDATA[]]></length>
		<width><![CDATA[]]></width>
		<height><![CDATA[]]></height>
		<salepricedatesfrom><![CDATA[]]></salepricedatesfrom>
		<salepricedatesto><![CDATA[]]></salepricedatesto>
		<soldindividually><![CDATA[]]></soldindividually>
		<managestock><![CDATA[no]]></managestock>
		<upsellids><![CDATA[]]></upsellids>
		<crosssellids><![CDATA[]]></crosssellids>
		<downloadablefilespaths><![CDATA[]]></downloadablefilespaths>
		<downloadablefilesnames><![CDATA[]]></downloadablefilesnames>
		<downloadlimit><![CDATA[]]></downloadlimit>
		<downloadexpiry><![CDATA[]]></downloadexpiry>
		<downloadtype><![CDATA[]]></downloadtype>
		<buttontext><![CDATA[]]></buttontext>
		<backorders><![CDATA[no]]></backorders>
		<taxstatus><![CDATA[none]]></taxstatus>
		<taxclass><![CDATA[]]></taxclass>
		<productimagegallery><![CDATA[]]></productimagegallery>
		<defaultattributes><![CDATA[]]></defaultattributes>
		<productattributes><![CDATA[a:0:{}]]></productattributes>
		<productversion><![CDATA[]]></productversion>
	</node>
	<node>
		<id><![CDATA[59]]></id>
		<title><![CDATA[Кабель USB Dock Connector 30-pin - ID - 14539]]></title>
		<content><![CDATA[Полное описание: Кабель PowerLine Group USB Dock Connector 30-pin Кабель USB для подключения iPod, iPhone или iPad к компьютеру (для зарядки и синхронизации)  #14539

Маркетинг: 

Техническое описание: 

<span style="line-height: 1.5;">ID - </span>14539]]></content>
		<excerpt><![CDATA[Кабель USB Dock Connector 30-pin]]></excerpt>
		<date><![CDATA[20151102]]></date>
		<posttype><![CDATA[product]]></posttype>
		<media_images><![CDATA[]]></media_images>
		<media_titles><![CDATA[]]></media_titles>
		<media_captions><![CDATA[]]></media_captions>
		<media_descriptions><![CDATA[]]></media_descriptions>
		<media_alts><![CDATA[]]></media_alts>
		<attachments_attachments><![CDATA[]]></attachments_attachments>
		<sku><![CDATA[14539]]></sku>
		<price><![CDATA[990]]></price>
		<regularprice><![CDATA[990]]></regularprice>
		<saleprice><![CDATA[990]]></saleprice>
		<stockstatus><![CDATA[instock]]></stockstatus>
		<stock><![CDATA[]]></stock>
		<visibility><![CDATA[visible]]></visibility>
		<producturl><![CDATA[]]></producturl>
		<totalsales><![CDATA[0]]></totalsales>
		<shippingclass><![CDATA[]]></shippingclass>
		<producttype><![CDATA[simple]]></producttype>
		<parent_sku><![CDATA[0]]></parent_sku>
		<productcategories><![CDATA[Аксессуары iDevice>адаптеры|Аксессуары iDevice>Кабели|Аксессуары iDevice>переходники]]></productcategories>
		<producttags><![CDATA[]]></producttags>
		<status><![CDATA[publish]]></status>
		<author><![CDATA[1]]></author>
		<slug><![CDATA[%d0%ba%d0%b0%d0%b1%d0%b5%d0%bb%d1%8c-usb-dock-connector-30-pin-id-14539]]></slug>
		<format><![CDATA[]]></format>
		<template><![CDATA[]]></template>
		<parent><![CDATA[0]]></parent>
		<order><![CDATA[0]]></order>
		<permalink><![CDATA[http://plg2.bragin.ru/product/%d0%ba%d0%b0%d0%b1%d0%b5%d0%bb%d1%8c-usb-dock-connector-30-pin-id-14539/]]></permalink>
		<commentstatus><![CDATA[closed]]></commentstatus>
		<pingstatus><![CDATA[open]]></pingstatus>
		<downloadable><![CDATA[no]]></downloadable>
		<virtual><![CDATA[no]]></virtual>
		<purchasenote><![CDATA[]]></purchasenote>
		<featured><![CDATA[no]]></featured>
		<weight><![CDATA[]]></weight>
		<length><![CDATA[]]></length>
		<width><![CDATA[]]></width>
		<height><![CDATA[]]></height>
		<salepricedatesfrom><![CDATA[]]></salepricedatesfrom>
		<salepricedatesto><![CDATA[]]></salepricedatesto>
		<soldindividually><![CDATA[]]></soldindividually>
		<managestock><![CDATA[no]]></managestock>
		<upsellids><![CDATA[]]></upsellids>
		<crosssellids><![CDATA[]]></crosssellids>
		<downloadablefilespaths><![CDATA[]]></downloadablefilespaths>
		<downloadablefilesnames><![CDATA[]]></downloadablefilesnames>
		<downloadlimit><![CDATA[]]></downloadlimit>
		<downloadexpiry><![CDATA[]]></downloadexpiry>
		<downloadtype><![CDATA[]]></downloadtype>
		<buttontext><![CDATA[]]></buttontext>
		<backorders><![CDATA[no]]></backorders>
		<taxstatus><![CDATA[none]]></taxstatus>
		<taxclass><![CDATA[]]></taxclass>
		<productimagegallery><![CDATA[]]></productimagegallery>
		<defaultattributes><![CDATA[]]></defaultattributes>
		<productattributes><![CDATA[a:0:{}]]></productattributes>
		<productversion><![CDATA[]]></productversion>
	</node>
	<node>
		<id><![CDATA[60]]></id>
		<title><![CDATA[Кабель-брелок Keychain sync/charge cable. - ID - 14637]]></title>
		<content><![CDATA[Полное описание: Кабель-брелок MacAlly Keychain sync/charge cable. Кабель USB для подключения iPhone или iPod к компьютеру (для зарядки и синхронизации) #14637

Маркетинг: 

Техническое описание: 

<span style="line-height: 1.5;">ID - </span>14637]]></content>
		<excerpt><![CDATA[Кабель-брелок Keychain sync/charge cable.]]></excerpt>
		<date><![CDATA[20151102]]></date>
		<posttype><![CDATA[product]]></posttype>
		<media_images><![CDATA[http://plg2.bragin.ru/wp-content/uploads/2015/11/14637.jpg]]></media_images>
		<media_titles><![CDATA[14637.jpg]]></media_titles>
		<media_captions><![CDATA[]]></media_captions>
		<media_descriptions><![CDATA[]]></media_descriptions>
		<media_alts><![CDATA[]]></media_alts>
		<attachments_attachments><![CDATA[]]></attachments_attachments>
		<sku><![CDATA[14637]]></sku>
		<price><![CDATA[850]]></price>
		<regularprice><![CDATA[850]]></regularprice>
		<saleprice><![CDATA[850]]></saleprice>
		<stockstatus><![CDATA[instock]]></stockstatus>
		<stock><![CDATA[]]></stock>
		<visibility><![CDATA[visible]]></visibility>
		<producturl><![CDATA[]]></producturl>
		<totalsales><![CDATA[0]]></totalsales>
		<shippingclass><![CDATA[]]></shippingclass>
		<producttype><![CDATA[simple]]></producttype>
		<parent_sku><![CDATA[0]]></parent_sku>
		<productcategories><![CDATA[Аксессуары iDevice>адаптеры|Аксессуары iDevice>Кабели|Аксессуары iDevice>переходники]]></productcategories>
		<producttags><![CDATA[]]></producttags>
		<status><![CDATA[publish]]></status>
		<author><![CDATA[1]]></author>
		<slug><![CDATA[%d0%ba%d0%b0%d0%b1%d0%b5%d0%bb%d1%8c-%d0%b1%d1%80%d0%b5%d0%bb%d0%be%d0%ba-keychain-synccharge-cable-id-14637]]></slug>
		<format><![CDATA[]]></format>
		<template><![CDATA[]]></template>
		<parent><![CDATA[0]]></parent>
		<order><![CDATA[0]]></order>
		<permalink><![CDATA[http://plg2.bragin.ru/product/%d0%ba%d0%b0%d0%b1%d0%b5%d0%bb%d1%8c-%d0%b1%d1%80%d0%b5%d0%bb%d0%be%d0%ba-keychain-synccharge-cable-id-14637/]]></permalink>
		<commentstatus><![CDATA[closed]]></commentstatus>
		<pingstatus><![CDATA[open]]></pingstatus>
		<downloadable><![CDATA[no]]></downloadable>
		<virtual><![CDATA[no]]></virtual>
		<purchasenote><![CDATA[]]></purchasenote>
		<featured><![CDATA[no]]></featured>
		<weight><![CDATA[]]></weight>
		<length><![CDATA[]]></length>
		<width><![CDATA[]]></width>
		<height><![CDATA[]]></height>
		<salepricedatesfrom><![CDATA[]]></salepricedatesfrom>
		<salepricedatesto><![CDATA[]]></salepricedatesto>
		<soldindividually><![CDATA[]]></soldindividually>
		<managestock><![CDATA[no]]></managestock>
		<upsellids><![CDATA[]]></upsellids>
		<crosssellids><![CDATA[]]></crosssellids>
		<downloadablefilespaths><![CDATA[]]></downloadablefilespaths>
		<downloadablefilesnames><![CDATA[]]></downloadablefilesnames>
		<downloadlimit><![CDATA[]]></downloadlimit>
		<downloadexpiry><![CDATA[]]></downloadexpiry>
		<downloadtype><![CDATA[]]></downloadtype>
		<buttontext><![CDATA[]]></buttontext>
		<backorders><![CDATA[no]]></backorders>
		<taxstatus><![CDATA[none]]></taxstatus>
		<taxclass><![CDATA[]]></taxclass>
		<productimagegallery><![CDATA[]]></productimagegallery>
		<defaultattributes><![CDATA[]]></defaultattributes>
		<productattributes><![CDATA[a:0:{}]]></productattributes>
		<productversion><![CDATA[]]></productversion>
	</node>
	<node>
		<id><![CDATA[62]]></id>
		<title><![CDATA[Подставка Подставка Parabolic Sound Sphere для Apple iPhone 4/4S/5 док-станция с усилением звука - ID - 14962]]></title>
		<content><![CDATA[Полное описание: Подставка Clingo Подставка Parabolic Sound Sphere для Apple iPhone 4/4S/5 док-станция с усилением звука  . #14962

Маркетинг: Clingo Universal Game Wheel (07001) представляет собой особый держатель для Apple iPhone 4/4S, разработанный специально для игр, имеющих активный геймплей, таких, как, например, гонки. С ним как автосимуляторы, так и аркадные автогонки станут настолько реалистичными, что у вас сложится полное ощущение того, что вы сидите за рулем реального автомобиля.

Техническое описание: - Универсальный держатель - Создан специально для игр - Делает процесс игры очень реалистичным - Простота и удобство использования Вес 122г

<span style="line-height: 1.5;">ID - </span>14962]]></content>
		<excerpt><![CDATA[Подставка Подставка Parabolic Sound Sphere для Apple iPhone 4/4S/5 док-станция с усилением звука]]></excerpt>
		<date><![CDATA[20151102]]></date>
		<posttype><![CDATA[product]]></posttype>
		<media_images><![CDATA[http://plg2.bragin.ru/wp-content/uploads/2015/11/14962.jpg|http://plg2.bragin.ru/wp-content/uploads/2015/11/14962-1.jpg|http://plg2.bragin.ru/wp-content/uploads/2015/11/14962-2.jpg]]></media_images>
		<media_titles><![CDATA[14962.jpg|14962-1.jpg|14962-2.jpg]]></media_titles>
		<media_captions><![CDATA[||]]></media_captions>
		<media_descriptions><![CDATA[||]]></media_descriptions>
		<media_alts><![CDATA[||]]></media_alts>
		<attachments_attachments><![CDATA[]]></attachments_attachments>
		<sku><![CDATA[14962]]></sku>
		<price><![CDATA[999]]></price>
		<regularprice><![CDATA[999]]></regularprice>
		<saleprice><![CDATA[999]]></saleprice>
		<stockstatus><![CDATA[instock]]></stockstatus>
		<stock><![CDATA[]]></stock>
		<visibility><![CDATA[visible]]></visibility>
		<producturl><![CDATA[]]></producturl>
		<totalsales><![CDATA[0]]></totalsales>
		<shippingclass><![CDATA[]]></shippingclass>
		<producttype><![CDATA[simple]]></producttype>
		<parent_sku><![CDATA[0]]></parent_sku>
		<productcategories><![CDATA[Аксессуары iDevice>держатели|Аксессуары iDevice>диски|Аксессуары iDevice>Подставки]]></productcategories>
		<producttags><![CDATA[]]></producttags>
		<status><![CDATA[publish]]></status>
		<author><![CDATA[1]]></author>
		<slug><![CDATA[%d0%bf%d0%be%d0%b4%d1%81%d1%82%d0%b0%d0%b2%d0%ba%d0%b0-%d0%bf%d0%be%d0%b4%d1%81%d1%82%d0%b0%d0%b2%d0%ba%d0%b0-parabolic-sound-sphere-%d0%b4%d0%bb%d1%8f-apple-iphone-44s5-%d0%b4%d0%be%d0%ba-%d1%81]]></slug>
		<format><![CDATA[]]></format>
		<template><![CDATA[]]></template>
		<parent><![CDATA[0]]></parent>
		<order><![CDATA[0]]></order>
		<permalink><![CDATA[http://plg2.bragin.ru/product/%d0%bf%d0%be%d0%b4%d1%81%d1%82%d0%b0%d0%b2%d0%ba%d0%b0-%d0%bf%d0%be%d0%b4%d1%81%d1%82%d0%b0%d0%b2%d0%ba%d0%b0-parabolic-sound-sphere-%d0%b4%d0%bb%d1%8f-apple-iphone-44s5-%d0%b4%d0%be%d0%ba-%d1%81/]]></permalink>
		<commentstatus><![CDATA[closed]]></commentstatus>
		<pingstatus><![CDATA[open]]></pingstatus>
		<downloadable><![CDATA[no]]></downloadable>
		<virtual><![CDATA[no]]></virtual>
		<purchasenote><![CDATA[]]></purchasenote>
		<featured><![CDATA[no]]></featured>
		<weight><![CDATA[]]></weight>
		<length><![CDATA[]]></length>
		<width><![CDATA[]]></width>
		<height><![CDATA[]]></height>
		<salepricedatesfrom><![CDATA[]]></salepricedatesfrom>
		<salepricedatesto><![CDATA[]]></salepricedatesto>
		<soldindividually><![CDATA[]]></soldindividually>
		<managestock><![CDATA[no]]></managestock>
		<upsellids><![CDATA[]]></upsellids>
		<crosssellids><![CDATA[]]></crosssellids>
		<downloadablefilespaths><![CDATA[]]></downloadablefilespaths>
		<downloadablefilesnames><![CDATA[]]></downloadablefilesnames>
		<downloadlimit><![CDATA[]]></downloadlimit>
		<downloadexpiry><![CDATA[]]></downloadexpiry>
		<downloadtype><![CDATA[]]></downloadtype>
		<buttontext><![CDATA[]]></buttontext>
		<backorders><![CDATA[no]]></backorders>
		<taxstatus><![CDATA[none]]></taxstatus>
		<taxclass><![CDATA[]]></taxclass>
		<productimagegallery><![CDATA[64,65]]></productimagegallery>
		<defaultattributes><![CDATA[]]></defaultattributes>
		<productattributes><![CDATA[a:0:{}]]></productattributes>
		<productversion><![CDATA[]]></productversion>
	</node>
	<node>
		<id><![CDATA[66]]></id>
		<title><![CDATA[Держатель Universal mobile neklit для Apple iPhone или iPod - ID - 14964]]></title>
		<content><![CDATA[Полное описание: Держатель Clingo Universal mobile neklit для Apple iPhone или iPod для ношения на шее #14964

Маркетинг: Clingo Universal Mobile Neklit (07003) представляет собой держатель для iPhone 4/4S, позволяющий носить его на шее. Он надежно удерживает ваш телефон, который будет находиться всегда под рукой. Держатель Clingo Universal Mobile Neklit исключит возможность возникновения ситуации, когда телефон звонит, а вы не можете его нигде найти.

Техническое описание: - Удобство использования - Надежная фиксация iPhone - Телефон всегда будет у вас под рукой - Компактные размеры держателя

<span style="line-height: 1.5;">ID - </span>14964]]></content>
		<excerpt><![CDATA[Держатель Universal mobile neklit для Apple iPhone или iPod]]></excerpt>
		<date><![CDATA[20151102]]></date>
		<posttype><![CDATA[product]]></posttype>
		<media_images><![CDATA[http://plg2.bragin.ru/wp-content/uploads/2015/11/14964.jpg|http://plg2.bragin.ru/wp-content/uploads/2015/11/14964-1.jpg|http://plg2.bragin.ru/wp-content/uploads/2015/11/14964-2.jpg]]></media_images>
		<media_titles><![CDATA[14964.jpg|14964-1.jpg|14964-2.jpg]]></media_titles>
		<media_captions><![CDATA[||]]></media_captions>
		<media_descriptions><![CDATA[||]]></media_descriptions>
		<media_alts><![CDATA[||]]></media_alts>
		<attachments_attachments><![CDATA[]]></attachments_attachments>
		<sku><![CDATA[14964]]></sku>
		<price><![CDATA[500]]></price>
		<regularprice><![CDATA[500]]></regularprice>
		<saleprice><![CDATA[500]]></saleprice>
		<stockstatus><![CDATA[instock]]></stockstatus>
		<stock><![CDATA[]]></stock>
		<visibility><![CDATA[visible]]></visibility>
		<producturl><![CDATA[]]></producturl>
		<totalsales><![CDATA[0]]></totalsales>
		<shippingclass><![CDATA[]]></shippingclass>
		<producttype><![CDATA[simple]]></producttype>
		<parent_sku><![CDATA[0]]></parent_sku>
		<productcategories><![CDATA[Аксессуары iDevice>адаптеры|Аксессуары iDevice>Кабели|Аксессуары iDevice>переходники]]></productcategories>
		<producttags><![CDATA[]]></producttags>
		<status><![CDATA[publish]]></status>
		<author><![CDATA[1]]></author>
		<slug><![CDATA[%d0%b4%d0%b5%d1%80%d0%b6%d0%b0%d1%82%d0%b5%d0%bb%d1%8c-universal-mobile-neklit-%d0%b4%d0%bb%d1%8f-apple-iphone-%d0%b8%d0%bb%d0%b8-ipod-id-14964]]></slug>
		<format><![CDATA[]]></format>
		<template><![CDATA[]]></template>
		<parent><![CDATA[0]]></parent>
		<order><![CDATA[0]]></order>
		<permalink><![CDATA[http://plg2.bragin.ru/product/%d0%b4%d0%b5%d1%80%d0%b6%d0%b0%d1%82%d0%b5%d0%bb%d1%8c-universal-mobile-neklit-%d0%b4%d0%bb%d1%8f-apple-iphone-%d0%b8%d0%bb%d0%b8-ipod-id-14964/]]></permalink>
		<commentstatus><![CDATA[closed]]></commentstatus>
		<pingstatus><![CDATA[open]]></pingstatus>
		<downloadable><![CDATA[no]]></downloadable>
		<virtual><![CDATA[no]]></virtual>
		<purchasenote><![CDATA[]]></purchasenote>
		<featured><![CDATA[no]]></featured>
		<weight><![CDATA[]]></weight>
		<length><![CDATA[]]></length>
		<width><![CDATA[]]></width>
		<height><![CDATA[]]></height>
		<salepricedatesfrom><![CDATA[]]></salepricedatesfrom>
		<salepricedatesto><![CDATA[]]></salepricedatesto>
		<soldindividually><![CDATA[]]></soldindividually>
		<managestock><![CDATA[no]]></managestock>
		<upsellids><![CDATA[]]></upsellids>
		<crosssellids><![CDATA[]]></crosssellids>
		<downloadablefilespaths><![CDATA[]]></downloadablefilespaths>
		<downloadablefilesnames><![CDATA[]]></downloadablefilesnames>
		<downloadlimit><![CDATA[]]></downloadlimit>
		<downloadexpiry><![CDATA[]]></downloadexpiry>
		<downloadtype><![CDATA[]]></downloadtype>
		<buttontext><![CDATA[]]></buttontext>
		<backorders><![CDATA[no]]></backorders>
		<taxstatus><![CDATA[none]]></taxstatus>
		<taxclass><![CDATA[]]></taxclass>
		<productimagegallery><![CDATA[68,69]]></productimagegallery>
		<defaultattributes><![CDATA[]]></defaultattributes>
		<productattributes><![CDATA[a:0:{}]]></productattributes>
		<productversion><![CDATA[]]></productversion>
	</node>
</data>
